#
# There is insufficient memory for the Java Runtime Environment to continue.
# Native memory allocation (malloc) failed to allocate 1048576 bytes for AllocateHeap
# Possible reasons:
#   The system is out of physical RAM or swap space
#   In 32 bit mode, the process size limit was hit
# Possible solutions:
#   Reduce memory load on the system
#   Increase physical memory or swap space
#   Check if swap backing store is full
#   Use 64 bit Java on a 64 bit OS
#   Decrease Java heap size (-Xmx/-Xms)
#   Decrease number of Java threads
#   Decrease Java thread stack sizes (-Xss)
#   Set larger code cache with -XX:ReservedCodeCacheSize=
# This output file may be truncated or incomplete.
#
#  Out of Memory Error (memory/allocation.inline.hpp:61), pid=3264, tid=4916
#
# JRE version:  (8.0_77-b03) (build )
# Java VM: Java HotSpot(TM) 64-Bit Server VM (25.77-b03 mixed mode windows-amd64 compressed oops)
# Failed to write core dump. Minidumps are not enabled by default on client versions of Windows
#

---------------  T H R E A D  ---------------

Current thread (0x00000000025d0800):  JavaThread "Unknown thread" [_thread_in_vm, id=4916, stack(0x00000000024d0000,0x00000000025d0000)]

Stack: [0x00000000024d0000,0x00000000025d0000]
[error occurred during error reporting (printing stack bounds), id 0xc0000005]

Native frames: (J=compiled Java code, j=interpreted, Vv=VM code, C=native code)


---------------  P R O C E S S  ---------------

Java Threads: ( => current thread )

Other Threads:

=>0x00000000025d0800 (exited) JavaThread "Unknown thread" [_thread_in_vm, id=4916, stack(0x00000000024d0000,0x00000000025d0000)]

VM state:not at safepoint (normal execution)

VM Mutex/Monitor currently owned by a thread: None

Heap:
 PSYoungGen      total 38400K, used 665K [0x00000000eab00000, 0x00000000ed580000, 0x0000000100000000)
  eden space 33280K, 2% used [0x00000000eab00000,0x00000000eaba6670,0x00000000ecb80000)
  from space 5120K, 0% used [0x00000000ed080000,0x00000000ed080000,0x00000000ed580000)
  to   space 5120K, 0% used [0x00000000ecb80000,0x00000000ecb80000,0x00000000ed080000)
 ParOldGen       total 87552K, used 0K [0x00000000c0000000, 0x00000000c5580000, 0x00000000eab00000)
  object space 87552K, 0% used [0x00000000c0000000,0x00000000c0000000,0x00000000c5580000)
 Metaspace       used 769K, capacity 4480K, committed 4480K, reserved 1056768K
  class space    used 75K, capacity 384K, committed 384K, reserved 1048576K

Card table byte_map: [0x0000000011a90000,0x0000000011ca0000] byte_map_base: 0x0000000011490000

Marking Bits: (ParMarkBitMap*) 0x0000000067bf0600
 Begin Bits: [0x0000000012200000, 0x0000000013200000)
 End Bits:   [0x0000000013200000, 0x0000000014200000)

Polling page: 0x0000000002350000

CodeCache: size=245760Kb used=328Kb max_used=328Kb free=245431Kb
 bounds [0x00000000026d0000, 0x0000000002940000, 0x00000000116d0000]
 total_blobs=58 nmethods=0 adapters=38
 compilation: enabled

Compilation events (0 events):
No events

GC Heap History (0 events):
No events

Deoptimization events (0 events):
No events

Internal exceptions (0 events):
No events

Events (10 events):
Event: 0.710 loading class java/lang/Short
Event: 0.710 loading class java/lang/Short done
Event: 0.710 loading class java/lang/Integer
Event: 0.710 loading class java/lang/Integer done
Event: 0.710 loading class java/lang/Long
Event: 0.710 loading class java/lang/Long done
Event: 0.711 loading class java/lang/NullPointerException
Event: 0.711 loading class java/lang/NullPointerException done
Event: 0.711 loading class java/lang/ArithmeticException
Event: 0.711 loading class java/lang/ArithmeticException done


Dynamic libraries:
0x00007ff6e81d0000 - 0x00007ff6e8207000 	C:\Program Files\Java\jdk1.8.0_77\bin\java.exe
0x00007ffe52070000 - 0x00007ffe52232000 	C:\Windows\SYSTEM32\ntdll.dll
0x00007ffe4f740000 - 0x00007ffe4f7ed000 	C:\Windows\system32\KERNEL32.DLL
0x00007ffe4f560000 - 0x00007ffe4f73d000 	C:\Windows\system32\KERNELBASE.dll
0x00007ffe50200000 - 0x00007ffe502a6000 	C:\Windows\system32\ADVAPI32.dll
0x00007ffe51f70000 - 0x00007ffe5200d000 	C:\Windows\system32\msvcrt.dll
0x00007ffe52010000 - 0x00007ffe5206b000 	C:\Windows\system32\sechost.dll
0x00007ffe4fb60000 - 0x00007ffe4fc86000 	C:\Windows\system32\RPCRT4.dll
0x00007ffe4f980000 - 0x00007ffe4face000 	C:\Windows\system32\USER32.dll
0x00007ffe50320000 - 0x00007ffe504a5000 	C:\Windows\system32\GDI32.dll
0x00007ffe4ba60000 - 0x00007ffe4bcd4000 	C:\Windows\WinSxS\amd64_microsoft.windows.common-controls_6595b64144ccf1df_6.0.10240.16384_none_f41f7b285750ef43\COMCTL32.dll
0x00007ffe501c0000 - 0x00007ffe501f6000 	C:\Windows\system32\IMM32.DLL
0x00007ffe4ff10000 - 0x00007ffe5006c000 	C:\Windows\system32\MSCTF.dll
0x0000000067c70000 - 0x0000000067d42000 	C:\Program Files\Java\jdk1.8.0_77\jre\bin\msvcr100.dll
0x00000000673e0000 - 0x0000000067c70000 	C:\Program Files\Java\jdk1.8.0_77\jre\bin\server\jvm.dll
0x00007ffe507a0000 - 0x00007ffe507a8000 	C:\Windows\system32\PSAPI.DLL
0x00007ffe487c0000 - 0x00007ffe487c9000 	C:\Windows\SYSTEM32\WSOCK32.dll
0x00007ffe4fad0000 - 0x00007ffe4fb39000 	C:\Windows\system32\WS2_32.dll
0x00007ffe4fc90000 - 0x00007ffe4fc98000 	C:\Windows\system32\NSI.dll
0x00007ffe4ce00000 - 0x00007ffe4ce23000 	C:\Windows\SYSTEM32\WINMM.dll
0x00007ffe4bd90000 - 0x00007ffe4bd9a000 	C:\Windows\SYSTEM32\VERSION.dll
0x00007ffe4cda0000 - 0x00007ffe4cdcc000 	C:\Windows\SYSTEM32\WINMMBASE.dll
0x00007ffe4f510000 - 0x00007ffe4f554000 	C:\Windows\system32\cfgmgr32.dll
0x00007ffe4d410000 - 0x00007ffe4d437000 	C:\Windows\SYSTEM32\DEVOBJ.dll
0x00000000673d0000 - 0x00000000673df000 	C:\Program Files\Java\jdk1.8.0_77\jre\bin\verify.dll
0x00000000673a0000 - 0x00000000673c9000 	C:\Program Files\Java\jdk1.8.0_77\jre\bin\java.dll
0x0000000067380000 - 0x0000000067396000 	C:\Program Files\Java\jdk1.8.0_77\jre\bin\zip.dll

VM Arguments:
jvm_args: -Djava.awt.headless=true -Xmx1024M -Dfile.encoding=windows-1251 -Duser.country=RU -Duser.language=ru -Duser.variant 
java_command: com.android.dx.command.Main --dex --force-jumbo --num-threads=4 --output C:\YandexDisk\rezerv\Android_studio_file\Android_studio_proecti\google_play\MichKino\Kinooctober\app\build\intermediates\pre-dexed\debug\jsoup-1.9.2_b872a4c820f21177a3117f444893eec1b419bc69.jar C:\Users\Admin\.gradle\caches\modules-2\files-2.1\org.jsoup\jsoup\1.9.2\5e3bda828a80c7a21dfbe2308d1755759c2fd7b4\jsoup-1.9.2.jar
java_class_path (initial): C:\Users\Admin\Desktop\kod\sdk\build-tools\23.0.3\lib\dx.jar
Launcher Type: SUN_STANDARD

Environment Variables:
JAVA_HOME=C:\Program Files\Java\jdk1.7.0_79
PATH=C:\ProgramData\Oracle\Java\javapath;C:\Windows\system32;C:\Windows;C:\Windows\System32\Wbem;C:\Windows\System32\WindowsPowerShell\v1.0\;C:\Program Files (x86)\Skype\Phone\;C:\Program Files (x86)\NVIDIA Corporation\PhysX\Common
USERNAME=Admin
OS=Windows_NT
PROCESSOR_IDENTIFIER=Intel64 Family 6 Model 61 Stepping 4, GenuineIntel



---------------  S Y S T E M  ---------------

OS: Windows 10.0 , 64 bit Build 10240 (10.0.10240.16384)

CPU:total 4 (2 cores per cpu, 2 threads per core) family 6 model 61 stepping 4, cmov, cx8, fxsr, mmx, sse, sse2, sse3, ssse3, sse4.1, sse4.2, popcnt, avx, avx2, aes, clmul, erms, 3dnowpref, lzcnt, ht, tsc, tscinvbit, bmi1, bmi2, adx

Memory: 4k page, physical 8297972k(1742948k free), swap 8297972k(5936k free)

vm_info: Java HotSpot(TM) 64-Bit Server VM (25.77-b03) for windows-amd64 JRE (1.8.0_77-b03), built on Mar 20 2016 22:01:33 by "java_re" with MS VC++ 10.0 (VS2010)

time: Sat Jul 30 14:43:22 2016
elapsed time: 0 seconds (0d 0h 0m 0s)

