#
# There is insufficient memory for the Java Runtime Environment to continue.
# Native memory allocation (malloc) failed to allocate 412656 bytes for Chunk::new
# Possible reasons:
#   The system is out of physical RAM or swap space
#   In 32 bit mode, the process size limit was hit
# Possible solutions:
#   Reduce memory load on the system
#   Increase physical memory or swap space
#   Check if swap backing store is full
#   Use 64 bit Java on a 64 bit OS
#   Decrease Java heap size (-Xmx/-Xms)
#   Decrease number of Java threads
#   Decrease Java thread stack sizes (-Xss)
#   Set larger code cache with -XX:ReservedCodeCacheSize=
# This output file may be truncated or incomplete.
#
#  Out of Memory Error (allocation.cpp:390), pid=1332, tid=7884
#
# JRE version: Java(TM) SE Runtime Environment (8.0_77-b03) (build 1.8.0_77-b03)
# Java VM: Java HotSpot(TM) 64-Bit Server VM (25.77-b03 mixed mode windows-amd64 compressed oops)
# Failed to write core dump. Minidumps are not enabled by default on client versions of Windows
#

---------------  T H R E A D  ---------------

Current thread (0x0000000014cce800):  JavaThread "C2 CompilerThread0" daemon [_thread_in_native, id=7884, stack(0x0000000016320000,0x0000000016420000)]

Stack: [0x0000000016320000,0x0000000016420000]
[error occurred during error reporting (printing stack bounds), id 0xc0000005]

Native frames: (J=compiled Java code, j=interpreted, Vv=VM code, C=native code)


Current CompileTask:
C2:   1669  707       4       com.android.dx.ssa.SsaBasicBlock::forEachInsn (37 bytes)


---------------  P R O C E S S  ---------------

Java Threads: ( => current thread )
  0x0000000016818800 JavaThread "pool-1-thread-4" [_thread_in_Java, id=5496, stack(0x0000000017020000,0x0000000017120000)]
  0x00000000167df800 JavaThread "pool-1-thread-3" [_thread_blocked, id=7732, stack(0x0000000016f20000,0x0000000017020000)]
  0x00000000167df000 JavaThread "pool-1-thread-2" [_thread_in_vm, id=5644, stack(0x0000000016e20000,0x0000000016f20000)]
  0x00000000167f2000 JavaThread "pool-2-thread-1" [_thread_blocked, id=6800, stack(0x0000000016d20000,0x0000000016e20000)]
  0x00000000167f1000 JavaThread "pool-1-thread-1" [_thread_blocked, id=3904, stack(0x0000000016c20000,0x0000000016d20000)]
  0x000000001652d000 JavaThread "Service Thread" daemon [_thread_blocked, id=6104, stack(0x0000000016a20000,0x0000000016b20000)]
  0x0000000016528800 JavaThread "C1 CompilerThread2" daemon [_thread_in_native, id=700, stack(0x0000000016920000,0x0000000016a20000)]
  0x0000000014cd1800 JavaThread "C2 CompilerThread1" daemon [_thread_in_native, id=1880, stack(0x0000000016420000,0x0000000016520000)]
=>0x0000000014cce800 JavaThread "C2 CompilerThread0" daemon [_thread_in_native, id=7884, stack(0x0000000016320000,0x0000000016420000)]
  0x0000000014ccc800 JavaThread "Attach Listener" daemon [_thread_blocked, id=4184, stack(0x0000000016220000,0x0000000016320000)]
  0x0000000014ccb000 JavaThread "Signal Dispatcher" daemon [_thread_blocked, id=6700, stack(0x0000000016120000,0x0000000016220000)]
  0x0000000014cba800 JavaThread "Finalizer" daemon [_thread_blocked, id=7016, stack(0x0000000015f30000,0x0000000016030000)]
  0x00000000025ef000 JavaThread "Reference Handler" daemon [_thread_blocked, id=5188, stack(0x0000000015e30000,0x0000000015f30000)]
  0x0000000002500800 JavaThread "main" [_thread_blocked, id=32, stack(0x0000000002400000,0x0000000002500000)]

Other Threads:
  0x0000000014c98000 VMThread [stack: 0x0000000015d30000,0x0000000015e30000] [id=5848]
  0x0000000016542800 WatcherThread [stack: 0x0000000016b20000,0x0000000016c20000] [id=1172]

VM state:not at safepoint (normal execution)

VM Mutex/Monitor currently owned by a thread: None

Heap:
 PSYoungGen      total 38400K, used 16649K [0x00000000eab00000, 0x00000000ed580000, 0x0000000100000000)
  eden space 33280K, 50% used [0x00000000eab00000,0x00000000ebb42738,0x00000000ecb80000)
  from space 5120K, 0% used [0x00000000ed080000,0x00000000ed080000,0x00000000ed580000)
  to   space 5120K, 0% used [0x00000000ecb80000,0x00000000ecb80000,0x00000000ed080000)
 ParOldGen       total 87552K, used 0K [0x00000000c0000000, 0x00000000c5580000, 0x00000000eab00000)
  object space 87552K, 0% used [0x00000000c0000000,0x00000000c0000000,0x00000000c5580000)
 Metaspace       used 5716K, capacity 6640K, committed 6784K, reserved 1056768K
  class space    used 592K, capacity 616K, committed 640K, reserved 1048576K

Card table byte_map: [0x00000000119c0000,0x0000000011bd0000] byte_map_base: 0x00000000113c0000

Marking Bits: (ParMarkBitMap*) 0x000000005f7d0600
 Begin Bits: [0x0000000012130000, 0x0000000013130000)
 End Bits:   [0x0000000013130000, 0x0000000014130000)

Polling page: 0x0000000000c80000

CodeCache: size=245760Kb used=3085Kb max_used=3097Kb free=242674Kb
 bounds [0x0000000002600000, 0x0000000002910000, 0x0000000011600000]
 total_blobs=1031 nmethods=762 adapters=182
 compilation: enabled

Compilation events (10 events):
Event: 1.643 Thread 0x0000000016528800 nmethod 734 0x00000000028d3590 code [0x00000000028d3700, 0x00000000028d3a48]
Event: 1.643 Thread 0x0000000016528800  712       3       com.android.dx.ssa.Dominators::getPreds (17 bytes)
Event: 1.643 Thread 0x0000000016528800 nmethod 712 0x00000000028d3bd0 code [0x00000000028d3d40, 0x00000000028d4010]
Event: 1.643 Thread 0x0000000016528800  730       1       com.android.dx.ssa.PhiInsn::getRopResultReg (5 bytes)
Event: 1.643 Thread 0x0000000016528800 nmethod 730 0x00000000028c1350 code [0x00000000028c14a0, 0x00000000028c15b0]
Event: 1.643 Thread 0x0000000016528800  728       3       com.android.dx.util.BitIntSet::iterator (9 bytes)
Event: 1.643 Thread 0x0000000016528800 nmethod 728 0x00000000028d40d0 code [0x00000000028d4240, 0x00000000028d4508]
Event: 1.643 Thread 0x0000000016528800  729       3       com.android.dx.util.BitIntSet$1::<init> (25 bytes)
Event: 1.644 Thread 0x0000000016528800 nmethod 729 0x00000000028d4650 code [0x00000000028d47c0, 0x00000000028d49e8]
Event: 1.644 Thread 0x0000000016528800  736       3       com.android.dx.ssa.LiteralOpUpgrader::tryReplacingWithConstant (161 bytes)

GC Heap History (0 events):
No events

Deoptimization events (1 events):
Event: 1.517 Thread 0x0000000002500800 Uncommon trap: reason=unstable_if action=reinterpret pc=0x0000000002823b5c method=java.util.HashMap.getNode(ILjava/lang/Object;)Ljava/util/HashMap$Node; @ 129

Internal exceptions (2 events):
Event: 0.137 Thread 0x0000000002500800 Exception <a 'java/lang/NoSuchMethodError': Method sun.misc.Unsafe.defineClass(Ljava/lang/String;[BII)Ljava/lang/Class; name or signature does not match> (0x00000000eab07cc0) thrown at [D:\re\workspace\8-2-build-windows-amd64-cygwin\jdk8u77\6540\hotspot\srÅ≤‹‹è¡?
Event: 0.137 Thread 0x0000000002500800 Exception <a 'java/lang/NoSuchMethodError': Method sun.misc.Unsafe.prefetchRead(Ljava/lang/Object;J)V name or signature does not match> (0x00000000eab07fa8) thrown at [D:\re\workspace\8-2-build-windows-amd64-cygwin\jdk8u77\6540\hotspot\src\share\vm\prims\j

Events (10 events):
Event: 1.485 loading class com/android/dx/ssa/PhiInsn$Operand done
Event: 1.517 Thread 0x0000000002500800 Uncommon trap: trap_request=0xffffff65 fr.pc=0x0000000002823b5c
Event: 1.517 Thread 0x0000000002500800 DEOPT PACKING pc=0x0000000002823b5c sp=0x00000000024fe010
Event: 1.517 Thread 0x0000000002500800 DEOPT UNPACKING pc=0x000000000264582a sp=0x00000000024fdf88 mode 2
Event: 1.561 loading class com/android/dx/ssa/back/FirstFitLocalCombiningAllocator$Multiset
Event: 1.561 loading class com/android/dx/ssa/back/FirstFitLocalCombiningAllocator$Multiset done
Event: 1.563 loading class java/util/DualPivotQuicksort
Event: 1.564 loading class java/util/DualPivotQuicksort done
Event: 1.627 loading class java/util/ArrayList$1
Event: 1.627 loading class java/util/ArrayList$1 done


Dynamic libraries:
0x00007ff6bcd10000 - 0x00007ff6bcd47000 	C:\Program Files\Java\jdk1.8.0_77\bin\java.exe
0x00007ffc6e240000 - 0x00007ffc6e402000 	C:\Windows\SYSTEM32\ntdll.dll
0x00007ffc6b8d0000 - 0x00007ffc6b97d000 	C:\Windows\system32\KERNEL32.DLL
0x00007ffc6b4d0000 - 0x00007ffc6b6ad000 	C:\Windows\system32\KERNELBASE.dll
0x00007ffc6c0f0000 - 0x00007ffc6c196000 	C:\Windows\system32\ADVAPI32.dll
0x00007ffc6ded0000 - 0x00007ffc6df6d000 	C:\Windows\system32\msvcrt.dll
0x00007ffc6e030000 - 0x00007ffc6e08b000 	C:\Windows\system32\sechost.dll
0x00007ffc6b9e0000 - 0x00007ffc6bb06000 	C:\Windows\system32\RPCRT4.dll
0x00007ffc6c210000 - 0x00007ffc6c35e000 	C:\Windows\system32\USER32.dll
0x00007ffc6dd40000 - 0x00007ffc6dec6000 	C:\Windows\system32\GDI32.dll
0x00007ffc66030000 - 0x00007ffc662a4000 	C:\Windows\WinSxS\amd64_microsoft.windows.common-controls_6595b64144ccf1df_6.0.10240.16384_none_f41f7b285750ef43\COMCTL32.dll
0x00007ffc6d900000 - 0x00007ffc6d936000 	C:\Windows\system32\IMM32.DLL
0x00007ffc6dbe0000 - 0x00007ffc6dd3c000 	C:\Windows\system32\MSCTF.dll
0x000000005f850000 - 0x000000005f922000 	C:\Program Files\Java\jdk1.8.0_77\jre\bin\msvcr100.dll
0x000000005efc0000 - 0x000000005f850000 	C:\Program Files\Java\jdk1.8.0_77\jre\bin\server\jvm.dll
0x00007ffc6c010000 - 0x00007ffc6c018000 	C:\Windows\system32\PSAPI.DLL
0x00007ffc61590000 - 0x00007ffc61599000 	C:\Windows\SYSTEM32\WSOCK32.dll
0x00007ffc6c1a0000 - 0x00007ffc6c209000 	C:\Windows\system32\WS2_32.dll
0x00007ffc6c360000 - 0x00007ffc6c368000 	C:\Windows\system32\NSI.dll
0x00007ffc68eb0000 - 0x00007ffc68ed3000 	C:\Windows\SYSTEM32\WINMM.dll
0x00007ffc662b0000 - 0x00007ffc662ba000 	C:\Windows\SYSTEM32\VERSION.dll
0x00007ffc68e50000 - 0x00007ffc68e7c000 	C:\Windows\SYSTEM32\WINMMBASE.dll
0x00007ffc6b7d0000 - 0x00007ffc6b814000 	C:\Windows\system32\cfgmgr32.dll
0x00007ffc695a0000 - 0x00007ffc695c7000 	C:\Windows\SYSTEM32\DEVOBJ.dll
0x000000005efb0000 - 0x000000005efbf000 	C:\Program Files\Java\jdk1.8.0_77\jre\bin\verify.dll
0x000000005ef80000 - 0x000000005efa9000 	C:\Program Files\Java\jdk1.8.0_77\jre\bin\java.dll
0x000000005ef60000 - 0x000000005ef76000 	C:\Program Files\Java\jdk1.8.0_77\jre\bin\zip.dll
0x00007ffc6c390000 - 0x00007ffc6d8f8000 	C:\Windows\system32\SHELL32.dll
0x00007ffc6aea0000 - 0x00007ffc6b4c8000 	C:\Windows\system32\windows.storage.dll
0x00007ffc6bbc0000 - 0x00007ffc6be3c000 	C:\Windows\system32\combase.dll
0x00007ffc6db80000 - 0x00007ffc6dbd1000 	C:\Windows\system32\shlwapi.dll
0x00007ffc6acc0000 - 0x00007ffc6accf000 	C:\Windows\system32\kernel.appcore.dll
0x00007ffc6b710000 - 0x00007ffc6b7c3000 	C:\Windows\system32\shcore.dll
0x00007ffc6ac70000 - 0x00007ffc6acba000 	C:\Windows\system32\powrprof.dll
0x00007ffc6ac30000 - 0x00007ffc6ac43000 	C:\Windows\system32\profapi.dll
0x00007ffc6df70000 - 0x00007ffc6e02e000 	C:\Windows\system32\OLEAUT32.dll

VM Arguments:
jvm_args: -Djava.awt.headless=true -Xmx1024M -Dfile.encoding=windows-1251 -Duser.country=RU -Duser.language=ru -Duser.variant 
java_command: com.android.dx.command.Main --dex --force-jumbo --num-threads=4 --output C:\YandexDisk\rezerv\Android_studio_file\Android_studio_proecti\google_play\MichKino\Kinooctober\app\build\intermediates\pre-dexed\debug\jsoup-1.9.2_b872a4c820f21177a3117f444893eec1b419bc69.jar C:\Users\Admin\.gradle\caches\modules-2\files-2.1\org.jsoup\jsoup\1.9.2\5e3bda828a80c7a21dfbe2308d1755759c2fd7b4\jsoup-1.9.2.jar
java_class_path (initial): C:\YandexDisk\rezerv\Android_studio_file\sdk\build-tools\23.0.3\lib\dx.jar
Launcher Type: SUN_STANDARD

Environment Variables:
JAVA_HOME=C:\Program Files\Java\jdk1.7.0_79
PATH=C:\ProgramData\Oracle\Java\javapath;C:\Windows\system32;C:\Windows;C:\Windows\System32\Wbem;C:\Windows\System32\WindowsPowerShell\v1.0\;C:\Program Files (x86)\Skype\Phone\;C:\Program Files (x86)\NVIDIA Corporation\PhysX\Common
USERNAME=Admin
OS=Windows_NT
PROCESSOR_IDENTIFIER=Intel64 Family 6 Model 61 Stepping 4, GenuineIntel



---------------  S Y S T E M  ---------------

OS: Windows 10.0 , 64 bit Build 10240 (10.0.10240.16384)

CPU:total 4 (2 cores per cpu, 2 threads per core) family 6 model 61 stepping 4, cmov, cx8, fxsr, mmx, sse, sse2, sse3, ssse3, sse4.1, sse4.2, popcnt, avx, avx2, aes, clmul, erms, 3dnowpref, lzcnt, ht, tsc, tscinvbit, bmi1, bmi2, adx

Memory: 4k page, physical 8297972k(1453700k free), swap 8297972k(3212k free)

vm_info: Java HotSpot(TM) 64-Bit Server VM (25.77-b03) for windows-amd64 JRE (1.8.0_77-b03), built on Mar 20 2016 22:01:33 by "java_re" with MS VC++ 10.0 (VS2010)

time: Sun May 29 12:27:28 2016
elapsed time: 1 seconds (0d 0h 0m 1s)

