#
# There is insufficient memory for the Java Runtime Environment to continue.
# Native memory allocation (malloc) failed to allocate 186576 bytes for Chunk::new
# Possible reasons:
#   The system is out of physical RAM or swap space
#   In 32 bit mode, the process size limit was hit
# Possible solutions:
#   Reduce memory load on the system
#   Increase physical memory or swap space
#   Check if swap backing store is full
#   Use 64 bit Java on a 64 bit OS
#   Decrease Java heap size (-Xmx/-Xms)
#   Decrease number of Java threads
#   Decrease Java thread stack sizes (-Xss)
#   Set larger code cache with -XX:ReservedCodeCacheSize=
# This output file may be truncated or incomplete.
#
#  Out of Memory Error (allocation.cpp:390), pid=3636, tid=7436
#
# JRE version: Java(TM) SE Runtime Environment (8.0_77-b03) (build 1.8.0_77-b03)
# Java VM: Java HotSpot(TM) 64-Bit Server VM (25.77-b03 mixed mode windows-amd64 compressed oops)
# Failed to write core dump. Minidumps are not enabled by default on client versions of Windows
#

---------------  T H R E A D  ---------------

Current thread (0x0000000014d9c000):  JavaThread "C2 CompilerThread0" daemon [_thread_in_native, id=7436, stack(0x00000000163f0000,0x00000000164f0000)]

Stack: [0x00000000163f0000,0x00000000164f0000]
[error occurred during error reporting (printing stack bounds), id 0xc0000005]

Native frames: (J=compiled Java code, j=interpreted, Vv=VM code, C=native code)


Current CompileTask:
C2:  31237 2774       4       com.android.dx.dex.code.form.Form35c::writeTo (157 bytes)


---------------  P R O C E S S  ---------------

Java Threads: ( => current thread )
  0x00000000166f6000 JavaThread "Service Thread" daemon [_thread_blocked, id=3548, stack(0x0000000016af0000,0x0000000016bf0000)]
  0x0000000014dfe800 JavaThread "C1 CompilerThread2" daemon [_thread_blocked, id=7400, stack(0x00000000165f0000,0x00000000166f0000)]
  0x0000000014dfb800 JavaThread "C2 CompilerThread1" daemon [_thread_in_native, id=8024, stack(0x00000000164f0000,0x00000000165f0000)]
=>0x0000000014d9c000 JavaThread "C2 CompilerThread0" daemon [_thread_in_native, id=7436, stack(0x00000000163f0000,0x00000000164f0000)]
  0x0000000014d9a000 JavaThread "Attach Listener" daemon [_thread_blocked, id=7428, stack(0x00000000162f0000,0x00000000163f0000)]
  0x0000000014d99000 JavaThread "Signal Dispatcher" daemon [_thread_blocked, id=4184, stack(0x00000000161f0000,0x00000000162f0000)]
  0x00000000026cb800 JavaThread "Finalizer" daemon [_thread_blocked, id=6176, stack(0x0000000016000000,0x0000000016100000)]
  0x0000000014d69000 JavaThread "Reference Handler" daemon [_thread_blocked, id=6892, stack(0x0000000015f00000,0x0000000016000000)]
  0x00000000025d0800 JavaThread "main" [_thread_in_Java, id=7752, stack(0x0000000002460000,0x0000000002560000)]

Other Threads:
  0x0000000014d67800 VMThread [stack: 0x0000000015e00000,0x0000000015f00000] [id=6872]
  0x0000000016717800 WatcherThread [stack: 0x0000000016bf0000,0x0000000016cf0000] [id=464]

VM state:not at safepoint (normal execution)

VM Mutex/Monitor currently owned by a thread: None

Heap:
 PSYoungGen      total 260608K, used 75309K [0x00000000eab00000, 0x0000000100000000, 0x0000000100000000)
  eden space 189440K, 6% used [0x00000000eab00000,0x00000000eb7de278,0x00000000f6400000)
  from space 71168K, 87% used [0x00000000fba80000,0x00000000ff72d4f0,0x0000000100000000)
  to   space 79872K, 0% used [0x00000000f6400000,0x00000000f6400000,0x00000000fb200000)
 ParOldGen       total 116224K, used 64552K [0x00000000c0000000, 0x00000000c7180000, 0x00000000eab00000)
  object space 116224K, 55% used [0x00000000c0000000,0x00000000c3f0a288,0x00000000c7180000)
 Metaspace       used 6571K, capacity 7568K, committed 7936K, reserved 1056768K
  class space    used 611K, capacity 648K, committed 768K, reserved 1048576K

Card table byte_map: [0x0000000011a90000,0x0000000011ca0000] byte_map_base: 0x0000000011490000

Marking Bits: (ParMarkBitMap*) 0x0000000067bf0600
 Begin Bits: [0x0000000012200000, 0x0000000013200000)
 End Bits:   [0x0000000013200000, 0x0000000014200000)

Polling page: 0x0000000000cd0000

CodeCache: size=245760Kb used=10263Kb max_used=10270Kb free=235496Kb
 bounds [0x00000000026d0000, 0x00000000030f0000, 0x00000000116d0000]
 total_blobs=2509 nmethods=2244 adapters=176
 compilation: enabled

Compilation events (10 events):
Event: 31.219 Thread 0x0000000014dfb800 nmethod 2780 0x00000000030aab10 code [0x00000000030aac40, 0x00000000030aacd8]
Event: 31.219 Thread 0x0000000014dfb800 2781       4       com.android.dx.dex.code.form.Form23x::writeTo (41 bytes)
Event: 31.221 Thread 0x0000000014dfe800 2783       3       com.android.dx.dex.code.form.Form10x::writeTo (10 bytes)
Event: 31.222 Thread 0x0000000014dfe800 nmethod 2783 0x00000000030cdb50 code [0x00000000030cdce0, 0x00000000030cdf38]
Event: 31.223 Thread 0x0000000014dfe800 2784       3       com.android.dx.dex.code.form.Form21t::writeTo (34 bytes)
Event: 31.223 Thread 0x0000000014dfe800 nmethod 2784 0x00000000030dd090 code [0x00000000030dd2a0, 0x00000000030dded8]
Event: 31.224 Thread 0x0000000014dfb800 nmethod 2781 0x00000000030e28d0 code [0x00000000030e2a40, 0x00000000030e2e58]
Event: 31.224 Thread 0x0000000014dfb800 2782       4       com.android.dx.dex.code.form.Form21c::writeTo (34 bytes)
Event: 31.228 Thread 0x0000000014dfb800 nmethod 2782 0x00000000030e34d0 code [0x00000000030e3640, 0x00000000030e3998]
Event: 31.228 Thread 0x0000000014dfb800 2785       4       com.android.dx.dex.code.form.Form11x::writeTo (22 bytes)

GC Heap History (10 events):
Event: 12.158 GC heap before
{Heap before GC invocations=5 (full 1):
 PSYoungGen      total 138240K, used 5112K [0x00000000eab00000, 0x00000000f3700000, 0x0000000100000000)
  eden space 133120K, 0% used [0x00000000eab00000,0x00000000eab00000,0x00000000f2d00000)
  from space 5120K, 99% used [0x00000000f3200000,0x00000000f36fe060,0x00000000f3700000)
  to   space 5120K, 0% used [0x00000000f2d00000,0x00000000f2d00000,0x00000000f3200000)
 ParOldGen       total 87552K, used 59972K [0x00000000c0000000, 0x00000000c5580000, 0x00000000eab00000)
  object space 87552K, 68% used [0x00000000c0000000,0x00000000c3a91208,0x00000000c5580000)
 Metaspace       used 5966K, capacity 7024K, committed 7296K, reserved 1056768K
  class space    used 586K, capacity 616K, committed 640K, reserved 1048576K
Event: 17.198 GC heap after
Heap after GC invocations=5 (full 1):
 PSYoungGen      total 138240K, used 0K [0x00000000eab00000, 0x00000000f3700000, 0x0000000100000000)
  eden space 133120K, 0% used [0x00000000eab00000,0x00000000eab00000,0x00000000f2d00000)
  from space 5120K, 0% used [0x00000000f3200000,0x00000000f3200000,0x00000000f3700000)
  to   space 5120K, 0% used [0x00000000f2d00000,0x00000000f2d00000,0x00000000f3200000)
 ParOldGen       total 116224K, used 24642K [0x00000000c0000000, 0x00000000c7180000, 0x00000000eab00000)
  object space 116224K, 21% used [0x00000000c0000000,0x00000000c1810b98,0x00000000c7180000)
 Metaspace       used 5966K, capacity 7024K, committed 7296K, reserved 1056768K
  class space    used 586K, capacity 616K, committed 640K, reserved 1048576K
}
Event: 25.423 GC heap before
{Heap before GC invocations=6 (full 1):
 PSYoungGen      total 138240K, used 133120K [0x00000000eab00000, 0x00000000f3700000, 0x0000000100000000)
  eden space 133120K, 100% used [0x00000000eab00000,0x00000000f2d00000,0x00000000f2d00000)
  from space 5120K, 0% used [0x00000000f3200000,0x00000000f3200000,0x00000000f3700000)
  to   space 5120K, 0% used [0x00000000f2d00000,0x00000000f2d00000,0x00000000f3200000)
 ParOldGen       total 116224K, used 24642K [0x00000000c0000000, 0x00000000c7180000, 0x00000000eab00000)
  object space 116224K, 21% used [0x00000000c0000000,0x00000000c1810b98,0x00000000c7180000)
 Metaspace       used 6044K, capacity 7088K, committed 7296K, reserved 1056768K
  class space    used 589K, capacity 616K, committed 640K, reserved 1048576K
Event: 25.764 GC heap after
Heap after GC invocations=6 (full 1):
 PSYoungGen      total 138240K, used 5088K [0x00000000eab00000, 0x00000000fab00000, 0x0000000100000000)
  eden space 133120K, 0% used [0x00000000eab00000,0x00000000eab00000,0x00000000f2d00000)
  from space 5120K, 99% used [0x00000000f2d00000,0x00000000f31f8368,0x00000000f3200000)
  to   space 45568K, 0% used [0x00000000f7e80000,0x00000000f7e80000,0x00000000fab00000)
 ParOldGen       total 116224K, used 52200K [0x00000000c0000000, 0x00000000c7180000, 0x00000000eab00000)
  object space 116224K, 44% used [0x00000000c0000000,0x00000000c32fa190,0x00000000c7180000)
 Metaspace       used 6044K, capacity 7088K, committed 7296K, reserved 1056768K
  class space    used 589K, capacity 616K, committed 640K, reserved 1048576K
}
Event: 27.266 GC heap before
{Heap before GC invocations=7 (full 1):
 PSYoungGen      total 138240K, used 138208K [0x00000000eab00000, 0x00000000fab00000, 0x0000000100000000)
  eden space 133120K, 100% used [0x00000000eab00000,0x00000000f2d00000,0x00000000f2d00000)
  from space 5120K, 99% used [0x00000000f2d00000,0x00000000f31f8368,0x00000000f3200000)
  to   space 45568K, 0% used [0x00000000f7e80000,0x00000000f7e80000,0x00000000fab00000)
 ParOldGen       total 116224K, used 52200K [0x00000000c0000000, 0x00000000c7180000, 0x00000000eab00000)
  object space 116224K, 44% used [0x00000000c0000000,0x00000000c32fa190,0x00000000c7180000)
 Metaspace       used 6094K, capacity 7152K, committed 7296K, reserved 1056768K
  class space    used 589K, capacity 616K, committed 640K, reserved 1048576K
Event: 27.564 GC heap after
Heap after GC invocations=7 (full 1):
 PSYoungGen      total 207360K, used 45545K [0x00000000eab00000, 0x00000000fc000000, 0x0000000100000000)
  eden space 161792K, 0% used [0x00000000eab00000,0x00000000eab00000,0x00000000f4900000)
  from space 45568K, 99% used [0x00000000f7e80000,0x00000000faafa420,0x00000000fab00000)
  to   space 54784K, 0% used [0x00000000f4900000,0x00000000f4900000,0x00000000f7e80000)
 ParOldGen       total 116224K, used 52792K [0x00000000c0000000, 0x00000000c7180000, 0x00000000eab00000)
  object space 116224K, 45% used [0x00000000c0000000,0x00000000c338e190,0x00000000c7180000)
 Metaspace       used 6094K, capacity 7152K, committed 7296K, reserved 1056768K
  class space    used 589K, capacity 616K, committed 640K, reserved 1048576K
}
Event: 28.622 GC heap before
{Heap before GC invocations=8 (full 1):
 PSYoungGen      total 207360K, used 207337K [0x00000000eab00000, 0x00000000fc000000, 0x0000000100000000)
  eden space 161792K, 100% used [0x00000000eab00000,0x00000000f4900000,0x00000000f4900000)
  from space 45568K, 99% used [0x00000000f7e80000,0x00000000faafa420,0x00000000fab00000)
  to   space 54784K, 0% used [0x00000000f4900000,0x00000000f4900000,0x00000000f7e80000)
 ParOldGen       total 116224K, used 52792K [0x00000000c0000000, 0x00000000c7180000, 0x00000000eab00000)
  object space 116224K, 45% used [0x00000000c0000000,0x00000000c338e190,0x00000000c7180000)
 Metaspace       used 6120K, capacity 7152K, committed 7296K, reserved 1056768K
  class space    used 590K, capacity 616K, committed 640K, reserved 1048576K
Event: 28.774 GC heap after
Heap after GC invocations=8 (full 1):
 PSYoungGen      total 216576K, used 54774K [0x00000000eab00000, 0x0000000100000000, 0x0000000100000000)
  eden space 161792K, 0% used [0x00000000eab00000,0x00000000eab00000,0x00000000f4900000)
  from space 54784K, 99% used [0x00000000f4900000,0x00000000f7e7da70,0x00000000f7e80000)
  to   space 71168K, 0% used [0x00000000fba80000,0x00000000fba80000,0x0000000100000000)
 ParOldGen       total 116224K, used 64544K [0x00000000c0000000, 0x00000000c7180000, 0x00000000eab00000)
  object space 116224K, 55% used [0x00000000c0000000,0x00000000c3f08288,0x00000000c7180000)
 Metaspace       used 6120K, capacity 7152K, committed 7296K, reserved 1056768K
  class space    used 590K, capacity 616K, committed 640K, reserved 1048576K
}
Event: 29.678 GC heap before
{Heap before GC invocations=9 (full 1):
 PSYoungGen      total 216576K, used 216566K [0x00000000eab00000, 0x0000000100000000, 0x0000000100000000)
  eden space 161792K, 100% used [0x00000000eab00000,0x00000000f4900000,0x00000000f4900000)
  from space 54784K, 99% used [0x00000000f4900000,0x00000000f7e7da70,0x00000000f7e80000)
  to   space 71168K, 0% used [0x00000000fba80000,0x00000000fba80000,0x0000000100000000)
 ParOldGen       total 116224K, used 64544K [0x00000000c0000000, 0x00000000c7180000, 0x00000000eab00000)
  object space 116224K, 55% used [0x00000000c0000000,0x00000000c3f08288,0x00000000c7180000)
 Metaspace       used 6222K, capacity 7216K, committed 7296K, reserved 1056768K
  class space    used 596K, capacity 616K, committed 640K, reserved 1048576K
Event: 29.829 GC heap after
Heap after GC invocations=9 (full 1):
 PSYoungGen      total 260608K, used 62133K [0x00000000eab00000, 0x0000000100000000, 0x0000000100000000)
  eden space 189440K, 0% used [0x00000000eab00000,0x00000000eab00000,0x00000000f6400000)
  from space 71168K, 87% used [0x00000000fba80000,0x00000000ff72d4f0,0x0000000100000000)
  to   space 79872K, 0% used [0x00000000f6400000,0x00000000f6400000,0x00000000fb200000)
 ParOldGen       total 116224K, used 64552K [0x00000000c0000000, 0x00000000c7180000, 0x00000000eab00000)
  object space 116224K, 55% used [0x00000000c0000000,0x00000000c3f0a288,0x00000000c7180000)
 Metaspace       used 6222K, capacity 7216K, committed 7296K, reserved 1056768K
  class space    used 596K, capacity 616K, committed 640K, reserved 1048576K
}

Deoptimization events (10 events):
Event: 30.890 Thread 0x00000000025d0800 Uncommon trap: reason=unstable_if action=reinterpret pc=0x0000000003021c58 method=com.android.dx.dex.code.OutputFinisher.align64bits([Lcom/android/dx/dex/code/Dop;)V @ 130
Event: 30.953 Thread 0x00000000025d0800 Uncommon trap: reason=class_check action=maybe_recompile pc=0x0000000002b73328 method=com.android.dx.dex.code.OutputFinisher.massageInstructions([Lcom/android/dx/dex/code/Dop;)V @ 63
Event: 30.953 Thread 0x00000000025d0800 Uncommon trap: reason=class_check action=maybe_recompile pc=0x0000000002b73328 method=com.android.dx.dex.code.OutputFinisher.massageInstructions([Lcom/android/dx/dex/code/Dop;)V @ 63
Event: 30.954 Thread 0x00000000025d0800 Uncommon trap: reason=class_check action=maybe_recompile pc=0x0000000002b73328 method=com.android.dx.dex.code.OutputFinisher.massageInstructions([Lcom/android/dx/dex/code/Dop;)V @ 63
Event: 30.954 Thread 0x00000000025d0800 Uncommon trap: reason=class_check action=maybe_recompile pc=0x0000000003002704 method=com.android.dx.dex.code.OutputFinisher.massageInstructions([Lcom/android/dx/dex/code/Dop;)V @ 63
Event: 30.954 Thread 0x00000000025d0800 Uncommon trap: reason=class_check action=maybe_recompile pc=0x0000000002b73328 method=com.android.dx.dex.code.OutputFinisher.massageInstructions([Lcom/android/dx/dex/code/Dop;)V @ 63
Event: 31.005 Thread 0x00000000025d0800 Uncommon trap: reason=unstable_if action=reinterpret pc=0x0000000002b28edc method=com.android.dx.dex.code.form.Form12x.isCompatible(Lcom/android/dx/dex/code/DalvInsn;)Z @ 99
Event: 31.008 Thread 0x00000000025d0800 Uncommon trap: reason=bimorphic action=maybe_recompile pc=0x00000000029ccba0 method=com.android.dx.dex.code.OutputFinisher.calculateReservedCount([Lcom/android/dx/dex/code/Dop;)I @ 72
Event: 31.056 Thread 0x00000000025d0800 Uncommon trap: reason=unstable_if action=reinterpret pc=0x0000000002ad8ea4 method=java.util.ArrayList.<init>(I)V @ 5
Event: 31.086 Thread 0x00000000025d0800 Uncommon trap: reason=unstable_if action=reinterpret pc=0x0000000003053d28 method=com.android.dx.util.ByteArrayAnnotatedOutput.ensureCapacity(I)V @ 6

Internal exceptions (2 events):
Event: 0.041 Thread 0x00000000025d0800 Exception <a 'java/lang/NoSuchMethodError': Method sun.misc.Unsafe.defineClass(Ljava/lang/String;[BII)Ljava/lang/Class; name or signature does not match> (0x00000000eab07cc0) thrown at [D:\re\workspace\8-2-build-windows-amd64-cygwin\jdk8u77\6540\hotspot\sr2°“>Å ¥?
Event: 0.041 Thread 0x00000000025d0800 Exception <a 'java/lang/NoSuchMethodError': Method sun.misc.Unsafe.prefetchRead(Ljava/lang/Object;J)V name or signature does not match> (0x00000000eab07fa8) thrown at [D:\re\workspace\8-2-build-windows-amd64-cygwin\jdk8u77\6540\hotspot\src\share\vm\prims\j

Events (10 events):
Event: 31.086 Thread 0x00000000025d0800 DEOPT PACKING pc=0x0000000003053d28 sp=0x000000000255f190
Event: 31.086 Thread 0x00000000025d0800 DEOPT UNPACKING pc=0x000000000271582a sp=0x000000000255f0d8 mode 2
Event: 31.115 loading class com/android/dx/dex/file/MapItem
Event: 31.115 loading class com/android/dx/dex/file/MapItem done
Event: 31.119 loading class com/android/dex/DexFormat
Event: 31.119 loading class com/android/dex/DexFormat done
Event: 31.166 Thread 0x00000000025d0800 DEOPT PACKING pc=0x00000000030bef0a sp=0x000000000255f170
Event: 31.166 Thread 0x00000000025d0800 DEOPT UNPACKING pc=0x000000000271787f sp=0x000000000255ee98 mode 0
Event: 31.203 Thread 0x00000000025d0800 DEOPT PACKING pc=0x00000000030c6837 sp=0x000000000255f090
Event: 31.203 Thread 0x00000000025d0800 DEOPT UNPACKING pc=0x000000000271787f sp=0x000000000255ee78 mode 0


Dynamic libraries:
0x00007ff6e81d0000 - 0x00007ff6e8207000 	C:\Program Files\Java\jdk1.8.0_77\bin\java.exe
0x00007ffe52070000 - 0x00007ffe52232000 	C:\Windows\SYSTEM32\ntdll.dll
0x00007ffe4f740000 - 0x00007ffe4f7ed000 	C:\Windows\system32\KERNEL32.DLL
0x00007ffe4f560000 - 0x00007ffe4f73d000 	C:\Windows\system32\KERNELBASE.dll
0x00007ffe50200000 - 0x00007ffe502a6000 	C:\Windows\system32\ADVAPI32.dll
0x00007ffe51f70000 - 0x00007ffe5200d000 	C:\Windows\system32\msvcrt.dll
0x00007ffe52010000 - 0x00007ffe5206b000 	C:\Windows\system32\sechost.dll
0x00007ffe4fb60000 - 0x00007ffe4fc86000 	C:\Windows\system32\RPCRT4.dll
0x00007ffe4f980000 - 0x00007ffe4face000 	C:\Windows\system32\USER32.dll
0x00007ffe50320000 - 0x00007ffe504a5000 	C:\Windows\system32\GDI32.dll
0x00007ffe4ba60000 - 0x00007ffe4bcd4000 	C:\Windows\WinSxS\amd64_microsoft.windows.common-controls_6595b64144ccf1df_6.0.10240.16384_none_f41f7b285750ef43\COMCTL32.dll
0x00007ffe501c0000 - 0x00007ffe501f6000 	C:\Windows\system32\IMM32.DLL
0x00007ffe4ff10000 - 0x00007ffe5006c000 	C:\Windows\system32\MSCTF.dll
0x0000000067c70000 - 0x0000000067d42000 	C:\Program Files\Java\jdk1.8.0_77\jre\bin\msvcr100.dll
0x00000000673e0000 - 0x0000000067c70000 	C:\Program Files\Java\jdk1.8.0_77\jre\bin\server\jvm.dll
0x00007ffe507a0000 - 0x00007ffe507a8000 	C:\Windows\system32\PSAPI.DLL
0x00007ffe487c0000 - 0x00007ffe487c9000 	C:\Windows\SYSTEM32\WSOCK32.dll
0x00007ffe4fad0000 - 0x00007ffe4fb39000 	C:\Windows\system32\WS2_32.dll
0x00007ffe4fc90000 - 0x00007ffe4fc98000 	C:\Windows\system32\NSI.dll
0x00007ffe4ce00000 - 0x00007ffe4ce23000 	C:\Windows\SYSTEM32\WINMM.dll
0x00007ffe4bd90000 - 0x00007ffe4bd9a000 	C:\Windows\SYSTEM32\VERSION.dll
0x00007ffe4cda0000 - 0x00007ffe4cdcc000 	C:\Windows\SYSTEM32\WINMMBASE.dll
0x00007ffe4f510000 - 0x00007ffe4f554000 	C:\Windows\system32\cfgmgr32.dll
0x00007ffe4d410000 - 0x00007ffe4d437000 	C:\Windows\SYSTEM32\DEVOBJ.dll
0x00000000673d0000 - 0x00000000673df000 	C:\Program Files\Java\jdk1.8.0_77\jre\bin\verify.dll
0x00000000673a0000 - 0x00000000673c9000 	C:\Program Files\Java\jdk1.8.0_77\jre\bin\java.dll
0x0000000067380000 - 0x0000000067396000 	C:\Program Files\Java\jdk1.8.0_77\jre\bin\zip.dll
0x00007ffe507b0000 - 0x00007ffe51cd3000 	C:\Windows\system32\SHELL32.dll
0x00007ffe4eee0000 - 0x00007ffe4f509000 	C:\Windows\system32\windows.storage.dll
0x00007ffe50510000 - 0x00007ffe5078c000 	C:\Windows\system32\combase.dll
0x00007ffe504b0000 - 0x00007ffe50501000 	C:\Windows\system32\shlwapi.dll
0x00007ffe4eae0000 - 0x00007ffe4eaef000 	C:\Windows\system32\kernel.appcore.dll
0x00007ffe4ee20000 - 0x00007ffe4eed3000 	C:\Windows\system32\shcore.dll
0x00007ffe4eaf0000 - 0x00007ffe4eb3a000 	C:\Windows\system32\powrprof.dll
0x00007ffe4eaa0000 - 0x00007ffe4eab3000 	C:\Windows\system32\profapi.dll

VM Arguments:
jvm_args: -Djava.awt.headless=true -Xmx1024M -Dfile.encoding=windows-1251 -Duser.country=RU -Duser.language=ru -Duser.variant 
java_command: com.android.dx.command.Main --dex --force-jumbo --num-threads=4 --output C:\YandexDisk\rezerv\Android_studio_file\Android_studio_proecti\google_play\MichKino\Kinooctober\app\build\intermediates\pre-dexed\debug\main_908bcfadc2845ca07ee34918d19f7b90225c0eba.jar C:\YandexDisk\rezerv\Android_studio_file\Android_studio_proecti\google_play\MichKino\Kinooctober\app\build\intermediates\transforms\instantRun\debug\folders\1\5\main
java_class_path (initial): C:\Users\Admin\Desktop\kod\sdk\build-tools\23.0.3\lib\dx.jar
Launcher Type: SUN_STANDARD

Environment Variables:
JAVA_HOME=C:\Program Files\Java\jdk1.7.0_79
PATH=C:\ProgramData\Oracle\Java\javapath;C:\Windows\system32;C:\Windows;C:\Windows\System32\Wbem;C:\Windows\System32\WindowsPowerShell\v1.0\;C:\Program Files (x86)\Skype\Phone\;C:\Program Files (x86)\NVIDIA Corporation\PhysX\Common
USERNAME=Admin
OS=Windows_NT
PROCESSOR_IDENTIFIER=Intel64 Family 6 Model 61 Stepping 4, GenuineIntel



---------------  S Y S T E M  ---------------

OS: Windows 10.0 , 64 bit Build 10240 (10.0.10240.16384)

CPU:total 4 (2 cores per cpu, 2 threads per core) family 6 model 61 stepping 4, cmov, cx8, fxsr, mmx, sse, sse2, sse3, ssse3, sse4.1, sse4.2, popcnt, avx, avx2, aes, clmul, erms, 3dnowpref, lzcnt, ht, tsc, tscinvbit, bmi1, bmi2, adx

Memory: 4k page, physical 8297972k(1721808k free), swap 8297972k(5232k free)

vm_info: Java HotSpot(TM) 64-Bit Server VM (25.77-b03) for windows-amd64 JRE (1.8.0_77-b03), built on Mar 20 2016 22:01:33 by "java_re" with MS VC++ 10.0 (VS2010)

time: Sat Jul 30 14:43:22 2016
elapsed time: 31 seconds (0d 0h 0m 31s)

