#
# There is insufficient memory for the Java Runtime Environment to continue.
# Native memory allocation (malloc) failed to allocate 672128 bytes for Chunk::new
# Possible reasons:
#   The system is out of physical RAM or swap space
#   In 32 bit mode, the process size limit was hit
# Possible solutions:
#   Reduce memory load on the system
#   Increase physical memory or swap space
#   Check if swap backing store is full
#   Use 64 bit Java on a 64 bit OS
#   Decrease Java heap size (-Xmx/-Xms)
#   Decrease number of Java threads
#   Decrease Java thread stack sizes (-Xss)
#   Set larger code cache with -XX:ReservedCodeCacheSize=
# This output file may be truncated or incomplete.
#
#  Out of Memory Error (allocation.cpp:390), pid=7316, tid=3248
#
# JRE version: Java(TM) SE Runtime Environment (8.0_77-b03) (build 1.8.0_77-b03)
# Java VM: Java HotSpot(TM) 64-Bit Server VM (25.77-b03 mixed mode windows-amd64 compressed oops)
# Failed to write core dump. Minidumps are not enabled by default on client versions of Windows
#

---------------  T H R E A D  ---------------

Current thread (0x0000000014e9d800):  JavaThread "C2 CompilerThread1" daemon [_thread_in_native, id=3248, stack(0x00000000165e0000,0x00000000166e0000)]

Stack: [0x00000000165e0000,0x00000000166e0000]
[error occurred during error reporting (printing stack bounds), id 0xc0000005]

Native frames: (J=compiled Java code, j=interpreted, Vv=VM code, C=native code)


Current CompileTask:
C2:   3099 1453   !   4       com.android.dx.cf.code.BytecodeArray::parseInstruction (2764 bytes)


---------------  P R O C E S S  ---------------

Java Threads: ( => current thread )
  0x0000000016ac3000 JavaThread "pool-1-thread-4" [_thread_blocked, id=6756, stack(0x00000000171e0000,0x00000000172e0000)]
  0x0000000016ac2800 JavaThread "pool-1-thread-3" [_thread_blocked, id=5544, stack(0x00000000170e0000,0x00000000171e0000)]
  0x0000000016ac1800 JavaThread "pool-1-thread-2" [_thread_blocked, id=2476, stack(0x0000000016fe0000,0x00000000170e0000)]
  0x0000000016a69800 JavaThread "pool-2-thread-1" [_thread_blocked, id=2804, stack(0x0000000016ee0000,0x0000000016fe0000)]
  0x0000000016a62800 JavaThread "pool-1-thread-1" [_thread_blocked, id=2948, stack(0x0000000016de0000,0x0000000016ee0000)]
  0x0000000014efd000 JavaThread "Service Thread" daemon [_thread_blocked, id=4912, stack(0x0000000016be0000,0x0000000016ce0000)]
  0x0000000014eb1000 JavaThread "C1 CompilerThread2" daemon [_thread_blocked, id=5020, stack(0x00000000166e0000,0x00000000167e0000)]
=>0x0000000014e9d800 JavaThread "C2 CompilerThread1" daemon [_thread_in_native, id=3248, stack(0x00000000165e0000,0x00000000166e0000)]
  0x0000000014e9a800 JavaThread "C2 CompilerThread0" daemon [_thread_blocked, id=3088, stack(0x00000000164e0000,0x00000000165e0000)]
  0x0000000014e98800 JavaThread "Attach Listener" daemon [_thread_blocked, id=6480, stack(0x00000000163e0000,0x00000000164e0000)]
  0x0000000014ea7000 JavaThread "Signal Dispatcher" daemon [_thread_blocked, id=764, stack(0x00000000162e0000,0x00000000163e0000)]
  0x0000000014e8a000 JavaThread "Finalizer" daemon [_thread_blocked, id=208, stack(0x00000000160f0000,0x00000000161f0000)]
  0x0000000014e69000 JavaThread "Reference Handler" daemon [_thread_blocked, id=5444, stack(0x0000000015ff0000,0x00000000160f0000)]
  0x00000000026d0800 JavaThread "main" [_thread_blocked, id=4368, stack(0x0000000002550000,0x0000000002650000)]

Other Threads:
  0x0000000014e67000 VMThread [stack: 0x0000000015ef0000,0x0000000015ff0000] [id=732]
  0x0000000016803000 WatcherThread [stack: 0x0000000016ce0000,0x0000000016de0000] [id=7584]

VM state:at safepoint (normal execution)

VM Mutex/Monitor currently owned by a thread:  ([mutex/lock_event])
[0x00000000026cc440] Threads_lock - owner thread: 0x0000000014e67000
[0x00000000026cc740] Heap_lock - owner thread: 0x0000000016ac1800

Heap:
 PSYoungGen      total 38400K, used 38382K [0x00000000eab00000, 0x00000000ed580000, 0x0000000100000000)
  eden space 33280K, 100% used [0x00000000eab00000,0x00000000ecb80000,0x00000000ecb80000)
  from space 5120K, 99% used [0x00000000ed080000,0x00000000ed57b8d0,0x00000000ed580000)
  to   space 5120K, 99% used [0x00000000ecb80000,0x00000000ed07ab20,0x00000000ed080000)
 ParOldGen       total 87552K, used 4426K [0x00000000c0000000, 0x00000000c5580000, 0x00000000eab00000)
  object space 87552K, 5% used [0x00000000c0000000,0x00000000c0452bb8,0x00000000c5580000)
 Metaspace       used 6234K, capacity 7090K, committed 7296K, reserved 1056768K
  class space    used 605K, capacity 618K, committed 640K, reserved 1048576K

Card table byte_map: [0x0000000011b90000,0x0000000011da0000] byte_map_base: 0x0000000011590000

Marking Bits: (ParMarkBitMap*) 0x000000005f7d0600
 Begin Bits: [0x0000000012300000, 0x0000000013300000)
 End Bits:   [0x0000000013300000, 0x0000000014300000)

Polling page: 0x0000000000c20000

CodeCache: size=245760Kb used=6255Kb max_used=6255Kb free=239504Kb
 bounds [0x00000000027d0000, 0x0000000002e00000, 0x00000000117d0000]
 total_blobs=1830 nmethods=1561 adapters=182
 compilation: enabled

Compilation events (10 events):
Event: 2.940 Thread 0x0000000014eb1000 1579       2       com.android.dx.cf.direct.FieldListParser::set (30 bytes)
Event: 2.941 Thread 0x0000000014eb1000 nmethod 1579 0x0000000002deef50 code [0x0000000002def100, 0x0000000002def638]
Event: 2.947 Thread 0x0000000014eb1000 1580       2       com.android.dx.ssa.LiteralOpUpgrader::isConstIntZeroOrKnownNull (34 bytes)
Event: 2.948 Thread 0x0000000014eb1000 nmethod 1580 0x0000000002defd50 code [0x0000000002defec0, 0x0000000002df00c8]
Event: 2.948 Thread 0x0000000014eb1000 1581       2       com.android.dx.ssa.back.SsaToRop::moveParametersToHighRegisters (88 bytes)
Event: 2.949 Thread 0x0000000014eb1000 nmethod 1581 0x0000000002df01d0 code [0x0000000002df0360, 0x0000000002df0718]
Event: 2.951 Thread 0x0000000014eb1000 1582       1       com.android.dx.rop.cst.TypedConstant::getFrameType (2 bytes)
Event: 2.951 Thread 0x0000000014eb1000 nmethod 1582 0x0000000002df0990 code [0x0000000002df0ae0, 0x0000000002df0bf0]
Event: 2.954 Thread 0x0000000014eb1000 1583       1       com.android.dx.cf.code.Ropper$ExceptionHandlerSetup::getLabel (5 bytes)
Event: 2.954 Thread 0x0000000014eb1000 nmethod 1583 0x0000000002df0c50 code [0x0000000002df0da0, 0x0000000002df0eb0]

GC Heap History (5 events):
Event: 2.066 GC heap before
{Heap before GC invocations=1 (full 0):
 PSYoungGen      total 38400K, used 33280K [0x00000000eab00000, 0x00000000ed580000, 0x0000000100000000)
  eden space 33280K, 100% used [0x00000000eab00000,0x00000000ecb80000,0x00000000ecb80000)
  from space 5120K, 0% used [0x00000000ed080000,0x00000000ed080000,0x00000000ed580000)
  to   space 5120K, 0% used [0x00000000ecb80000,0x00000000ecb80000,0x00000000ed080000)
 ParOldGen       total 87552K, used 0K [0x00000000c0000000, 0x00000000c5580000, 0x00000000eab00000)
  object space 87552K, 0% used [0x00000000c0000000,0x00000000c0000000,0x00000000c5580000)
 Metaspace       used 5909K, capacity 6832K, committed 7040K, reserved 1056768K
  class space    used 602K, capacity 616K, committed 640K, reserved 1048576K
Event: 2.075 GC heap after
Heap after GC invocations=1 (full 0):
 PSYoungGen      total 38400K, used 5097K [0x00000000eab00000, 0x00000000ed580000, 0x0000000100000000)
  eden space 33280K, 0% used [0x00000000eab00000,0x00000000eab00000,0x00000000ecb80000)
  from space 5120K, 99% used [0x00000000ecb80000,0x00000000ed07a790,0x00000000ed080000)
  to   space 5120K, 0% used [0x00000000ed080000,0x00000000ed080000,0x00000000ed580000)
 ParOldGen       total 87552K, used 244K [0x00000000c0000000, 0x00000000c5580000, 0x00000000eab00000)
  object space 87552K, 0% used [0x00000000c0000000,0x00000000c003d1b8,0x00000000c5580000)
 Metaspace       used 5909K, capacity 6832K, committed 7040K, reserved 1056768K
  class space    used 602K, capacity 616K, committed 640K, reserved 1048576K
}
Event: 2.700 GC heap before
{Heap before GC invocations=2 (full 0):
 PSYoungGen      total 38400K, used 38377K [0x00000000eab00000, 0x00000000ed580000, 0x0000000100000000)
  eden space 33280K, 100% used [0x00000000eab00000,0x00000000ecb80000,0x00000000ecb80000)
  from space 5120K, 99% used [0x00000000ecb80000,0x00000000ed07a790,0x00000000ed080000)
  to   space 5120K, 0% used [0x00000000ed080000,0x00000000ed080000,0x00000000ed580000)
 ParOldGen       total 87552K, used 244K [0x00000000c0000000, 0x00000000c5580000, 0x00000000eab00000)
  object space 87552K, 0% used [0x00000000c0000000,0x00000000c003d1b8,0x00000000c5580000)
 Metaspace       used 6167K, capacity 7026K, committed 7296K, reserved 1056768K
  class space    used 604K, capacity 618K, committed 640K, reserved 1048576K
Event: 2.725 GC heap after
Heap after GC invocations=2 (full 0):
 PSYoungGen      total 38400K, used 5102K [0x00000000eab00000, 0x00000000ed580000, 0x0000000100000000)
  eden space 33280K, 0% used [0x00000000eab00000,0x00000000eab00000,0x00000000ecb80000)
  from space 5120K, 99% used [0x00000000ed080000,0x00000000ed57b8d0,0x00000000ed580000)
  to   space 5120K, 0% used [0x00000000ecb80000,0x00000000ecb80000,0x00000000ed080000)
 ParOldGen       total 87552K, used 3538K [0x00000000c0000000, 0x00000000c5580000, 0x00000000eab00000)
  object space 87552K, 4% used [0x00000000c0000000,0x00000000c0374bb8,0x00000000c5580000)
 Metaspace       used 6167K, capacity 7026K, committed 7296K, reserved 1056768K
  class space    used 604K, capacity 618K, committed 640K, reserved 1048576K
}
Event: 3.089 GC heap before
{Heap before GC invocations=3 (full 0):
 PSYoungGen      total 38400K, used 38382K [0x00000000eab00000, 0x00000000ed580000, 0x0000000100000000)
  eden space 33280K, 100% used [0x00000000eab00000,0x00000000ecb80000,0x00000000ecb80000)
  from space 5120K, 99% used [0x00000000ed080000,0x00000000ed57b8d0,0x00000000ed580000)
  to   space 5120K, 0% used [0x00000000ecb80000,0x00000000ecb80000,0x00000000ed080000)
 ParOldGen       total 87552K, used 3538K [0x00000000c0000000, 0x00000000c5580000, 0x00000000eab00000)
  object space 87552K, 4% used [0x00000000c0000000,0x00000000c0374bb8,0x00000000c5580000)
 Metaspace       used 6234K, capacity 7090K, committed 7296K, reserved 1056768K
  class space    used 605K, capacity 618K, committed 640K, reserved 1048576K

Deoptimization events (10 events):
Event: 2.803 Thread 0x00000000026d0800 Uncommon trap: reason=class_check action=maybe_recompile pc=0x0000000002a46b20 method=com.android.dx.rop.type.Type.equals(Ljava/lang/Object;)Z @ 8
Event: 2.803 Thread 0x00000000026d0800 Uncommon trap: reason=class_check action=maybe_recompile pc=0x0000000002a46b20 method=com.android.dx.rop.type.Type.equals(Ljava/lang/Object;)Z @ 8
Event: 2.822 Thread 0x0000000016ac2800 Uncommon trap: reason=unstable_if action=reinterpret pc=0x0000000002abde04 method=com.android.dx.rop.code.RegisterSpec.equals(ILcom/android/dx/rop/type/TypeBearer;Lcom/android/dx/rop/code/LocalItem;)Z @ 42
Event: 2.843 Thread 0x0000000016ac2800 Uncommon trap: reason=bimorphic action=maybe_recompile pc=0x0000000002ab69e4 method=java.util.HashMap.getNode(ILjava/lang/Object;)Ljava/util/HashMap$Node; @ 126
Event: 2.843 Thread 0x0000000016ac2800 Uncommon trap: reason=class_check action=maybe_recompile pc=0x0000000002db1350 method=java.util.HashMap.putVal(ILjava/lang/Object;Ljava/lang/Object;ZZ)Ljava/lang/Object; @ 203
Event: 2.843 Thread 0x0000000016ac2800 Uncommon trap: reason=bimorphic action=maybe_recompile pc=0x0000000002ab69e4 method=java.util.HashMap.getNode(ILjava/lang/Object;)Ljava/util/HashMap$Node; @ 126
Event: 2.843 Thread 0x0000000016ac2800 Uncommon trap: reason=class_check action=maybe_recompile pc=0x0000000002db1350 method=java.util.HashMap.putVal(ILjava/lang/Object;Ljava/lang/Object;ZZ)Ljava/lang/Object; @ 203
Event: 2.843 Thread 0x0000000016ac2800 Uncommon trap: reason=bimorphic action=maybe_recompile pc=0x0000000002ab69e4 method=java.util.HashMap.getNode(ILjava/lang/Object;)Ljava/util/HashMap$Node; @ 126
Event: 2.843 Thread 0x0000000016ac2800 Uncommon trap: reason=bimorphic action=maybe_recompile pc=0x0000000002ab69e4 method=java.util.HashMap.getNode(ILjava/lang/Object;)Ljava/util/HashMap$Node; @ 126
Event: 2.843 Thread 0x0000000016ac2800 Uncommon trap: reason=class_check action=maybe_recompile pc=0x0000000002dc16a8 method=java.util.HashMap.putVal(ILjava/lang/Object;Ljava/lang/Object;ZZ)Ljava/lang/Object; @ 203

Internal exceptions (3 events):
Event: 0.046 Thread 0x00000000026d0800 Exception <a 'java/lang/NoSuchMethodError': Method sun.misc.Unsafe.defineClass(Ljava/lang/String;[BII)Ljava/lang/Class; name or signature does not match> (0x00000000eab07cc0) thrown at [D:\re\workspace\8-2-build-windows-amd64-cygwin\jdk8u77\6540\hotspot\srEt<[Á§?
Event: 0.046 Thread 0x00000000026d0800 Exception <a 'java/lang/NoSuchMethodError': Method sun.misc.Unsafe.prefetchRead(Ljava/lang/Object;J)V name or signature does not match> (0x00000000eab07fa8) thrown at [D:\re\workspace\8-2-build-windows-amd64-cygwin\jdk8u77\6540\hotspot\src\share\vm\prims\jô„´Úî
Event: 2.013 Thread 0x0000000016a62800 Implicit null exception at 0x0000000002acc3e2 to 0x0000000002acc4e9

Events (10 events):
Event: 2.843 Thread 0x0000000016ac2800 DEOPT UNPACKING pc=0x000000000281582a sp=0x00000000171de250 mode 2
Event: 2.843 Thread 0x0000000016ac2800 Uncommon trap: trap_request=0xffffffc6 fr.pc=0x0000000002ab69e4
Event: 2.843 Thread 0x0000000016ac2800 DEOPT PACKING pc=0x0000000002ab69e4 sp=0x00000000171de2e0
Event: 2.843 Thread 0x0000000016ac2800 DEOPT UNPACKING pc=0x000000000281582a sp=0x00000000171de260 mode 2
Event: 2.843 Thread 0x0000000016ac2800 Uncommon trap: trap_request=0xffffffde fr.pc=0x0000000002dc16a8
Event: 2.843 Thread 0x0000000016ac2800 DEOPT PACKING pc=0x0000000002dc16a8 sp=0x00000000171de7f0
Event: 2.843 Thread 0x0000000016ac2800 DEOPT UNPACKING pc=0x000000000281582a sp=0x00000000171de728 mode 2
Event: 2.854 Thread 0x00000000026d0800 DEOPT PACKING pc=0x0000000002bab9ba sp=0x000000000264e1a0
Event: 2.854 Thread 0x00000000026d0800 DEOPT UNPACKING pc=0x000000000281787f sp=0x000000000264df08 mode 0
Event: 2.964 Executing VM operation: ParallelGCFailedAllocation


Dynamic libraries:
0x00007ff6bcd10000 - 0x00007ff6bcd47000 	C:\Program Files\Java\jdk1.8.0_77\bin\java.exe
0x00007ffc6e240000 - 0x00007ffc6e402000 	C:\Windows\SYSTEM32\ntdll.dll
0x00007ffc6b8d0000 - 0x00007ffc6b97d000 	C:\Windows\system32\KERNEL32.DLL
0x00007ffc6b4d0000 - 0x00007ffc6b6ad000 	C:\Windows\system32\KERNELBASE.dll
0x00007ffc6c0f0000 - 0x00007ffc6c196000 	C:\Windows\system32\ADVAPI32.dll
0x00007ffc6ded0000 - 0x00007ffc6df6d000 	C:\Windows\system32\msvcrt.dll
0x00007ffc6e030000 - 0x00007ffc6e08b000 	C:\Windows\system32\sechost.dll
0x00007ffc6b9e0000 - 0x00007ffc6bb06000 	C:\Windows\system32\RPCRT4.dll
0x00007ffc6c210000 - 0x00007ffc6c35e000 	C:\Windows\system32\USER32.dll
0x00007ffc6dd40000 - 0x00007ffc6dec6000 	C:\Windows\system32\GDI32.dll
0x00007ffc66030000 - 0x00007ffc662a4000 	C:\Windows\WinSxS\amd64_microsoft.windows.common-controls_6595b64144ccf1df_6.0.10240.16384_none_f41f7b285750ef43\COMCTL32.dll
0x00007ffc6d900000 - 0x00007ffc6d936000 	C:\Windows\system32\IMM32.DLL
0x00007ffc6dbe0000 - 0x00007ffc6dd3c000 	C:\Windows\system32\MSCTF.dll
0x000000005f850000 - 0x000000005f922000 	C:\Program Files\Java\jdk1.8.0_77\jre\bin\msvcr100.dll
0x000000005efc0000 - 0x000000005f850000 	C:\Program Files\Java\jdk1.8.0_77\jre\bin\server\jvm.dll
0x00007ffc6c010000 - 0x00007ffc6c018000 	C:\Windows\system32\PSAPI.DLL
0x00007ffc61590000 - 0x00007ffc61599000 	C:\Windows\SYSTEM32\WSOCK32.dll
0x00007ffc6c1a0000 - 0x00007ffc6c209000 	C:\Windows\system32\WS2_32.dll
0x00007ffc6c360000 - 0x00007ffc6c368000 	C:\Windows\system32\NSI.dll
0x00007ffc68eb0000 - 0x00007ffc68ed3000 	C:\Windows\SYSTEM32\WINMM.dll
0x00007ffc662b0000 - 0x00007ffc662ba000 	C:\Windows\SYSTEM32\VERSION.dll
0x00007ffc68e50000 - 0x00007ffc68e7c000 	C:\Windows\SYSTEM32\WINMMBASE.dll
0x00007ffc6b7d0000 - 0x00007ffc6b814000 	C:\Windows\system32\cfgmgr32.dll
0x00007ffc695a0000 - 0x00007ffc695c7000 	C:\Windows\SYSTEM32\DEVOBJ.dll
0x000000005efb0000 - 0x000000005efbf000 	C:\Program Files\Java\jdk1.8.0_77\jre\bin\verify.dll
0x000000005ef80000 - 0x000000005efa9000 	C:\Program Files\Java\jdk1.8.0_77\jre\bin\java.dll
0x000000005ef60000 - 0x000000005ef76000 	C:\Program Files\Java\jdk1.8.0_77\jre\bin\zip.dll
0x00007ffc6c390000 - 0x00007ffc6d8f8000 	C:\Windows\system32\SHELL32.dll
0x00007ffc6aea0000 - 0x00007ffc6b4c8000 	C:\Windows\system32\windows.storage.dll
0x00007ffc6bbc0000 - 0x00007ffc6be3c000 	C:\Windows\system32\combase.dll
0x00007ffc6db80000 - 0x00007ffc6dbd1000 	C:\Windows\system32\shlwapi.dll
0x00007ffc6acc0000 - 0x00007ffc6accf000 	C:\Windows\system32\kernel.appcore.dll
0x00007ffc6b710000 - 0x00007ffc6b7c3000 	C:\Windows\system32\shcore.dll
0x00007ffc6ac70000 - 0x00007ffc6acba000 	C:\Windows\system32\powrprof.dll
0x00007ffc6ac30000 - 0x00007ffc6ac43000 	C:\Windows\system32\profapi.dll
0x00007ffc6df70000 - 0x00007ffc6e02e000 	C:\Windows\system32\OLEAUT32.dll

VM Arguments:
jvm_args: -Djava.awt.headless=true -Xmx1024M -Dfile.encoding=windows-1251 -Duser.country=RU -Duser.language=ru -Duser.variant 
java_command: com.android.dx.command.Main --dex --force-jumbo --num-threads=4 --output C:\YandexDisk\rezerv\Android_studio_file\Android_studio_proecti\google_play\MichKino\Kinooctober\app\build\intermediates\pre-dexed\debug\com.android.support-support-v4-23.0.0_f4037549f26ef326239a4d1db7d763ced780d576.jar C:\YandexDisk\rezerv\Android_studio_file\Android_studio_proecti\google_play\MichKino\Kinooctober\app\build\intermediates\exploded-aar\com.android.support\support-v4\23.0.0\jars\classes.jar
java_class_path (initial): C:\YandexDisk\rezerv\Android_studio_file\sdk\build-tools\23.0.3\lib\dx.jar
Launcher Type: SUN_STANDARD

Environment Variables:
JAVA_HOME=C:\Program Files\Java\jdk1.7.0_79
PATH=C:\ProgramData\Oracle\Java\javapath;C:\Windows\system32;C:\Windows;C:\Windows\System32\Wbem;C:\Windows\System32\WindowsPowerShell\v1.0\;C:\Program Files (x86)\Skype\Phone\;C:\Program Files (x86)\NVIDIA Corporation\PhysX\Common
USERNAME=Admin
OS=Windows_NT
PROCESSOR_IDENTIFIER=Intel64 Family 6 Model 61 Stepping 4, GenuineIntel



---------------  S Y S T E M  ---------------

OS: Windows 10.0 , 64 bit Build 10240 (10.0.10240.16384)

CPU:total 4 (2 cores per cpu, 2 threads per core) family 6 model 61 stepping 4, cmov, cx8, fxsr, mmx, sse, sse2, sse3, ssse3, sse4.1, sse4.2, popcnt, avx, avx2, aes, clmul, erms, 3dnowpref, lzcnt, ht, tsc, tscinvbit, bmi1, bmi2, adx

Memory: 4k page, physical 8297972k(1419500k free), swap 8297972k(5376k free)

vm_info: Java HotSpot(TM) 64-Bit Server VM (25.77-b03) for windows-amd64 JRE (1.8.0_77-b03), built on Mar 20 2016 22:01:33 by "java_re" with MS VC++ 10.0 (VS2010)

time: Sun May 29 12:27:31 2016
elapsed time: 3 seconds (0d 0h 0m 3s)

