#
# There is insufficient memory for the Java Runtime Environment to continue.
# Native memory allocation (malloc) failed to allocate 32784 bytes for Chunk::new
# Possible reasons:
#   The system is out of physical RAM or swap space
#   In 32 bit mode, the process size limit was hit
# Possible solutions:
#   Reduce memory load on the system
#   Increase physical memory or swap space
#   Check if swap backing store is full
#   Use 64 bit Java on a 64 bit OS
#   Decrease Java heap size (-Xmx/-Xms)
#   Decrease number of Java threads
#   Decrease Java thread stack sizes (-Xss)
#   Set larger code cache with -XX:ReservedCodeCacheSize=
# This output file may be truncated or incomplete.
#
#  Out of Memory Error (allocation.cpp:390), pid=936, tid=5920
#
# JRE version: Java(TM) SE Runtime Environment (8.0_77-b03) (build 1.8.0_77-b03)
# Java VM: Java HotSpot(TM) 64-Bit Server VM (25.77-b03 mixed mode windows-amd64 compressed oops)
# Failed to write core dump. Minidumps are not enabled by default on client versions of Windows
#

---------------  T H R E A D  ---------------

Current thread (0x0000000014eae800):  JavaThread "C2 CompilerThread0" daemon [_thread_in_native, id=5920, stack(0x00000000164f0000,0x00000000165f0000)]

Stack: [0x00000000164f0000,0x00000000165f0000]
[error occurred during error reporting (printing stack bounds), id 0xc0000005]

Native frames: (J=compiled Java code, j=interpreted, Vv=VM code, C=native code)


Current CompileTask:
C2:  28510 2325       4       com.android.dx.ssa.SsaMethod::makeNewGotoBlock (52 bytes)


---------------  P R O C E S S  ---------------

Java Threads: ( => current thread )
  0x0000000016f50000 JavaThread "pool-1-thread-4" [_thread_in_Java, id=784, stack(0x00000000189c0000,0x0000000018ac0000)]
  0x000000001711a800 JavaThread "pool-1-thread-3" [_thread_in_Java, id=3684, stack(0x00000000188c0000,0x00000000189c0000)]
  0x000000001711a000 JavaThread "pool-1-thread-2" [_thread_in_vm, id=4840, stack(0x00000000187c0000,0x00000000188c0000)]
  0x0000000017786800 JavaThread "pool-2-thread-1" [_thread_blocked, id=6108, stack(0x00000000186c0000,0x00000000187c0000)]
  0x0000000017630800 JavaThread "pool-1-thread-1" [_thread_in_Java, id=3488, stack(0x00000000185c0000,0x00000000186c0000)]
  0x00000000167f6000 JavaThread "Service Thread" daemon [_thread_blocked, id=4308, stack(0x0000000016bf0000,0x0000000016cf0000)]
  0x0000000014f0a800 JavaThread "C1 CompilerThread2" daemon [_thread_blocked, id=7732, stack(0x00000000166f0000,0x00000000167f0000)]
  0x0000000014f07800 JavaThread "C2 CompilerThread1" daemon [_thread_in_native, id=2980, stack(0x00000000165f0000,0x00000000166f0000)]
=>0x0000000014eae800 JavaThread "C2 CompilerThread0" daemon [_thread_in_native, id=5920, stack(0x00000000164f0000,0x00000000165f0000)]
  0x0000000014eac800 JavaThread "Attach Listener" daemon [_thread_blocked, id=5028, stack(0x00000000163f0000,0x00000000164f0000)]
  0x0000000014eab000 JavaThread "Signal Dispatcher" daemon [_thread_blocked, id=6368, stack(0x00000000162f0000,0x00000000163f0000)]
  0x00000000027da000 JavaThread "Finalizer" daemon [_thread_blocked, id=2732, stack(0x0000000016100000,0x0000000016200000)]
  0x00000000027cf000 JavaThread "Reference Handler" daemon [_thread_blocked, id=1700, stack(0x0000000016000000,0x0000000016100000)]
  0x00000000026e0800 JavaThread "main" [_thread_in_Java, id=4196, stack(0x00000000024a0000,0x00000000025a0000)]

Other Threads:
  0x0000000014e78000 VMThread [stack: 0x0000000015f00000,0x0000000016000000] [id=7832]
  0x0000000016814000 WatcherThread [stack: 0x0000000016cf0000,0x0000000016df0000] [id=2292]

VM state:not at safepoint (normal execution)

VM Mutex/Monitor currently owned by a thread: None

Heap:
 PSYoungGen      total 138240K, used 8796K [0x00000000eab00000, 0x00000000ffa00000, 0x0000000100000000)
  eden space 133120K, 6% used [0x00000000eab00000,0x00000000eb3973c8,0x00000000f2d00000)
  from space 5120K, 0% used [0x00000000f2d00000,0x00000000f2d00000,0x00000000f3200000)
  to   space 38400K, 0% used [0x00000000fd480000,0x00000000fd480000,0x00000000ffa00000)
 ParOldGen       total 145408K, used 60082K [0x00000000c0000000, 0x00000000c8e00000, 0x00000000eab00000)
  object space 145408K, 41% used [0x00000000c0000000,0x00000000c3aac9c0,0x00000000c8e00000)
 Metaspace       used 6527K, capacity 7256K, committed 7424K, reserved 1056768K
  class space    used 625K, capacity 656K, committed 768K, reserved 1048576K

Card table byte_map: [0x0000000011ba0000,0x0000000011db0000] byte_map_base: 0x00000000115a0000

Marking Bits: (ParMarkBitMap*) 0x0000000067bf0600
 Begin Bits: [0x0000000012310000, 0x0000000013310000)
 End Bits:   [0x0000000013310000, 0x0000000014310000)

Polling page: 0x0000000000cf0000

CodeCache: size=245760Kb used=11513Kb max_used=11524Kb free=234246Kb
 bounds [0x00000000027e0000, 0x0000000003330000, 0x00000000117e0000]
 total_blobs=2498 nmethods=2228 adapters=182
 compilation: enabled

Compilation events (10 events):
Event: 28.428 Thread 0x0000000014eae800 nmethod 2323 0x000000000332bc10 code [0x000000000332bda0, 0x000000000332c6d8]
Event: 28.428 Thread 0x0000000014eae800 2321       4       java.util.TreeMap::successor (66 bytes)
Event: 28.430 Thread 0x0000000014eae800 nmethod 2321 0x0000000003300490 code [0x00000000033005c0, 0x0000000003300678]
Event: 28.431 Thread 0x0000000014eae800 2314 %     4       com.android.dx.cf.cst.ConstantPoolParser::parse @ 96 (365 bytes)
Event: 28.435 Thread 0x0000000014eae800 nmethod 2314% 0x00000000032f8450 code [0x00000000032f85a0, 0x00000000032f8788]
Event: 28.435 Thread 0x0000000014eae800 2315       4       com.android.dx.util.IntList::contains (14 bytes)
Event: 28.439 Thread 0x0000000014eae800 nmethod 2315 0x0000000003300d90 code [0x0000000003300ee0, 0x00000000033010b8]
Event: 28.439 Thread 0x0000000014eae800 2322       4       java.util.TreeMap$PrivateEntryIterator::nextEntry (54 bytes)
Event: 28.442 Thread 0x0000000014eae800 nmethod 2322 0x00000000032f8050 code [0x00000000032f81a0, 0x00000000032f82d8]
Event: 28.492 Thread 0x0000000014eae800 2325       4       com.android.dx.ssa.SsaMethod::makeNewGotoBlock (52 bytes)

GC Heap History (10 events):
Event: 6.896 GC heap before
{Heap before GC invocations=2 (full 0):
 PSYoungGen      total 38400K, used 37200K [0x00000000eab00000, 0x00000000ef600000, 0x0000000100000000)
  eden space 33280K, 100% used [0x00000000eab00000,0x00000000ecb80000,0x00000000ecb80000)
  from space 5120K, 76% used [0x00000000ecb80000,0x00000000ecf54320,0x00000000ed080000)
  to   space 5120K, 0% used [0x00000000ef100000,0x00000000ef100000,0x00000000ef600000)
 ParOldGen       total 87552K, used 8K [0x00000000c0000000, 0x00000000c5580000, 0x00000000eab00000)
  object space 87552K, 0% used [0x00000000c0000000,0x00000000c0002000,0x00000000c5580000)
 Metaspace       used 6152K, capacity 7026K, committed 7296K, reserved 1056768K
  class space    used 603K, capacity 618K, committed 640K, reserved 1048576K
Event: 6.948 GC heap after
Heap after GC invocations=2 (full 0):
 PSYoungGen      total 71680K, used 5114K [0x00000000eab00000, 0x00000000ef600000, 0x0000000100000000)
  eden space 66560K, 0% used [0x00000000eab00000,0x00000000eab00000,0x00000000eec00000)
  from space 5120K, 99% used [0x00000000ef100000,0x00000000ef5feac8,0x00000000ef600000)
  to   space 5120K, 0% used [0x00000000eec00000,0x00000000eec00000,0x00000000ef100000)
 ParOldGen       total 87552K, used 1975K [0x00000000c0000000, 0x00000000c5580000, 0x00000000eab00000)
  object space 87552K, 2% used [0x00000000c0000000,0x00000000c01edd60,0x00000000c5580000)
 Metaspace       used 6152K, capacity 7026K, committed 7296K, reserved 1056768K
  class space    used 603K, capacity 618K, committed 640K, reserved 1048576K
}
Event: 13.585 GC heap before
{Heap before GC invocations=3 (full 0):
 PSYoungGen      total 71680K, used 71674K [0x00000000eab00000, 0x00000000ef600000, 0x0000000100000000)
  eden space 66560K, 100% used [0x00000000eab00000,0x00000000eec00000,0x00000000eec00000)
  from space 5120K, 99% used [0x00000000ef100000,0x00000000ef5feac8,0x00000000ef600000)
  to   space 5120K, 0% used [0x00000000eec00000,0x00000000eec00000,0x00000000ef100000)
 ParOldGen       total 87552K, used 1975K [0x00000000c0000000, 0x00000000c5580000, 0x00000000eab00000)
  object space 87552K, 2% used [0x00000000c0000000,0x00000000c01edd60,0x00000000c5580000)
 Metaspace       used 6308K, capacity 7154K, committed 7296K, reserved 1056768K
  class space    used 604K, capacity 618K, committed 640K, reserved 1048576K
Event: 14.120 GC heap after
Heap after GC invocations=3 (full 0):
 PSYoungGen      total 71680K, used 5088K [0x00000000eab00000, 0x00000000f3700000, 0x0000000100000000)
  eden space 66560K, 0% used [0x00000000eab00000,0x00000000eab00000,0x00000000eec00000)
  from space 5120K, 99% used [0x00000000eec00000,0x00000000ef0f8010,0x00000000ef100000)
  to   space 5120K, 0% used [0x00000000f3200000,0x00000000f3200000,0x00000000f3700000)
 ParOldGen       total 87552K, used 12315K [0x00000000c0000000, 0x00000000c5580000, 0x00000000eab00000)
  object space 87552K, 14% used [0x00000000c0000000,0x00000000c0c06d30,0x00000000c5580000)
 Metaspace       used 6308K, capacity 7154K, committed 7296K, reserved 1056768K
  class space    used 604K, capacity 618K, committed 640K, reserved 1048576K
}
Event: 19.012 GC heap before
{Heap before GC invocations=4 (full 0):
 PSYoungGen      total 71680K, used 71648K [0x00000000eab00000, 0x00000000f3700000, 0x0000000100000000)
  eden space 66560K, 100% used [0x00000000eab00000,0x00000000eec00000,0x00000000eec00000)
  from space 5120K, 99% used [0x00000000eec00000,0x00000000ef0f8010,0x00000000ef100000)
  to   space 5120K, 0% used [0x00000000f3200000,0x00000000f3200000,0x00000000f3700000)
 ParOldGen       total 87552K, used 12315K [0x00000000c0000000, 0x00000000c5580000, 0x00000000eab00000)
  object space 87552K, 14% used [0x00000000c0000000,0x00000000c0c06d30,0x00000000c5580000)
 Metaspace       used 6465K, capacity 7192K, committed 7424K, reserved 1056768K
  class space    used 625K, capacity 656K, committed 768K, reserved 1048576K
Event: 19.610 GC heap after
Heap after GC invocations=4 (full 0):
 PSYoungGen      total 138240K, used 5088K [0x00000000eab00000, 0x00000000f3700000, 0x0000000100000000)
  eden space 133120K, 0% used [0x00000000eab00000,0x00000000eab00000,0x00000000f2d00000)
  from space 5120K, 99% used [0x00000000f3200000,0x00000000f36f8010,0x00000000f3700000)
  to   space 5120K, 0% used [0x00000000f2d00000,0x00000000f2d00000,0x00000000f3200000)
 ParOldGen       total 87552K, used 22328K [0x00000000c0000000, 0x00000000c5580000, 0x00000000eab00000)
  object space 87552K, 25% used [0x00000000c0000000,0x00000000c15ce028,0x00000000c5580000)
 Metaspace       used 6465K, capacity 7192K, committed 7424K, reserved 1056768K
  class space    used 625K, capacity 656K, committed 768K, reserved 1048576K
}
Event: 25.406 GC heap before
{Heap before GC invocations=5 (full 0):
 PSYoungGen      total 138240K, used 138208K [0x00000000eab00000, 0x00000000f3700000, 0x0000000100000000)
  eden space 133120K, 100% used [0x00000000eab00000,0x00000000f2d00000,0x00000000f2d00000)
  from space 5120K, 99% used [0x00000000f3200000,0x00000000f36f8010,0x00000000f3700000)
  to   space 5120K, 0% used [0x00000000f2d00000,0x00000000f2d00000,0x00000000f3200000)
 ParOldGen       total 87552K, used 22328K [0x00000000c0000000, 0x00000000c5580000, 0x00000000eab00000)
  object space 87552K, 25% used [0x00000000c0000000,0x00000000c15ce028,0x00000000c5580000)
 Metaspace       used 6522K, capacity 7256K, committed 7424K, reserved 1056768K
  class space    used 625K, capacity 656K, committed 768K, reserved 1048576K
Event: 25.742 GC heap after
Heap after GC invocations=5 (full 0):
 PSYoungGen      total 138240K, used 5092K [0x00000000eab00000, 0x00000000ffa00000, 0x0000000100000000)
  eden space 133120K, 0% used [0x00000000eab00000,0x00000000eab00000,0x00000000f2d00000)
  from space 5120K, 99% used [0x00000000f2d00000,0x00000000f31f92b0,0x00000000f3200000)
  to   space 38400K, 0% used [0x00000000fd480000,0x00000000fd480000,0x00000000ffa00000)
 ParOldGen       total 87552K, used 56840K [0x00000000c0000000, 0x00000000c5580000, 0x00000000eab00000)
  object space 87552K, 64% used [0x00000000c0000000,0x00000000c3782000,0x00000000c5580000)
 Metaspace       used 6522K, capacity 7256K, committed 7424K, reserved 1056768K
  class space    used 625K, capacity 656K, committed 768K, reserved 1048576K
}
Event: 25.742 GC heap before
{Heap before GC invocations=6 (full 1):
 PSYoungGen      total 138240K, used 5092K [0x00000000eab00000, 0x00000000ffa00000, 0x0000000100000000)
  eden space 133120K, 0% used [0x00000000eab00000,0x00000000eab00000,0x00000000f2d00000)
  from space 5120K, 99% used [0x00000000f2d00000,0x00000000f31f92b0,0x00000000f3200000)
  to   space 38400K, 0% used [0x00000000fd480000,0x00000000fd480000,0x00000000ffa00000)
 ParOldGen       total 87552K, used 56840K [0x00000000c0000000, 0x00000000c5580000, 0x00000000eab00000)
  object space 87552K, 64% used [0x00000000c0000000,0x00000000c3782000,0x00000000c5580000)
 Metaspace       used 6522K, capacity 7256K, committed 7424K, reserved 1056768K
  class space    used 625K, capacity 656K, committed 768K, reserved 1048576K
Event: 28.339 GC heap after
Heap after GC invocations=6 (full 1):
 PSYoungGen      total 138240K, used 0K [0x00000000eab00000, 0x00000000ffa00000, 0x0000000100000000)
  eden space 133120K, 0% used [0x00000000eab00000,0x00000000eab00000,0x00000000f2d00000)
  from space 5120K, 0% used [0x00000000f2d00000,0x00000000f2d00000,0x00000000f3200000)
  to   space 38400K, 0% used [0x00000000fd480000,0x00000000fd480000,0x00000000ffa00000)
 ParOldGen       total 145408K, used 60082K [0x00000000c0000000, 0x00000000c8e00000, 0x00000000eab00000)
  object space 145408K, 41% used [0x00000000c0000000,0x00000000c3aac9c0,0x00000000c8e00000)
 Metaspace       used 6522K, capacity 7256K, committed 7424K, reserved 1056768K
  class space    used 625K, capacity 656K, committed 768K, reserved 1048576K
}

Deoptimization events (10 events):
Event: 20.945 Thread 0x00000000026e0800 Uncommon trap: reason=bimorphic action=maybe_recompile pc=0x0000000003153460 method=com.android.dx.cf.code.BytecodeArray.parseInstruction(ILcom/android/dx/cf/code/BytecodeArray$Visitor;)I @ 1161
Event: 20.946 Thread 0x00000000026e0800 Uncommon trap: reason=class_check action=maybe_recompile pc=0x0000000002fe70ac method=com.android.dx.cf.code.RopperMachine.run(Lcom/android/dx/cf/code/Frame;II)V @ 1024
Event: 20.946 Thread 0x00000000026e0800 Uncommon trap: reason=bimorphic action=maybe_recompile pc=0x0000000003152010 method=com.android.dx.cf.code.BytecodeArray.parseInstruction(ILcom/android/dx/cf/code/BytecodeArray$Visitor;)I @ 2135
Event: 20.960 Thread 0x00000000026e0800 Uncommon trap: reason=unstable_if action=reinterpret pc=0x0000000002fe6c70 method=com.android.dx.cf.code.Ropper.isSynchronized()Z @ 12
Event: 20.985 Thread 0x00000000026e0800 Uncommon trap: reason=unstable_if action=reinterpret pc=0x0000000002ef59f4 method=com.android.dx.cf.code.Merger.mergeType(Lcom/android/dx/rop/type/TypeBearer;Lcom/android/dx/rop/type/TypeBearer;)Lcom/android/dx/rop/type/TypeBearer; @ 52
Event: 21.014 Thread 0x00000000026e0800 Uncommon trap: reason=unstable_if action=reinterpret pc=0x0000000003181a84 method=com.android.dx.rop.code.BasicBlockList.preferredSuccessorOf(Lcom/android/dx/rop/code/BasicBlock;)Lcom/android/dx/rop/code/BasicBlock; @ 58
Event: 21.301 Thread 0x00000000026e0800 Uncommon trap: reason=unstable_if action=reinterpret pc=0x0000000002fe0834 method=com.android.dx.rop.code.BasicBlockList.preferredSuccessorOf(Lcom/android/dx/rop/code/BasicBlock;)Lcom/android/dx/rop/code/BasicBlock; @ 58
Event: 21.314 Thread 0x00000000026e0800 Uncommon trap: reason=unstable_if action=reinterpret pc=0x0000000003168664 method=com.android.dx.cf.code.ByteCatchList.typeNotFound(Lcom/android/dx/cf/code/ByteCatchList$Item;[Lcom/android/dx/cf/code/ByteCatchList$Item;I)Z @ 34
Event: 23.816 Thread 0x00000000026e0800 Uncommon trap: reason=speculate_class_check action=maybe_recompile pc=0x000000000313e874 method=com.android.dx.rop.cst.TypedConstant.getBasicType()I @ 1
Event: 24.970 Thread 0x00000000026e0800 Uncommon trap: reason=unstable_if action=reinterpret pc=0x0000000002ed433c method=com.android.dx.ssa.SCCP.simulateStmt(Lcom/android/dx/ssa/SsaInsn;)V @ 59

Internal exceptions (6 events):
Event: 0.043 Thread 0x00000000026e0800 Exception <a 'java/lang/NoSuchMethodError': Method sun.misc.Unsafe.defineClass(Ljava/lang/String;[BII)Ljava/lang/Class; name or signature does not match> (0x00000000eab07cc0) thrown at [D:\re\workspace\8-2-build-windows-amd64-cygwin\jdk8u77\6540\hotspot\srSqÛ†“Õ•?
Event: 0.043 Thread 0x00000000026e0800 Exception <a 'java/lang/NoSuchMethodError': Method sun.misc.Unsafe.prefetchRead(Ljava/lang/Object;J)V name or signature does not match> (0x00000000eab07fa8) thrown at [D:\re\workspace\8-2-build-windows-amd64-cygwin\jdk8u77\6540\hotspot\src\share\vm\prims\j 8ÚU¥l@
Event: 3.678 Thread 0x000000001711a800 Implicit null exception at 0x0000000002b1e562 to 0x0000000002b1e65a
Event: 16.256 Thread 0x000000001711a800 Exception <a 'java/lang/ArrayIndexOutOfBoundsException': 18> (0x00000000ec4de3d0) thrown at [D:\re\workspace\8-2-build-windows-amd64-cygwin\jdk8u77\6540\hotspot\src\share\vm\interpreter\interpreterRuntime.cpp, line 366]
Event: 16.257 Thread 0x000000001711a800 Exception <a 'java/lang/ArrayIndexOutOfBoundsException': 145> (0x00000000ec4dff50) thrown at [D:\re\workspace\8-2-build-windows-amd64-cygwin\jdk8u77\6540\hotspot\src\share\vm\interpreter\interpreterRuntime.cpp, line 366]
Event: 16.259 Thread 0x000000001711a800 Exception <a 'java/lang/ArrayIndexOutOfBoundsException'> (0x00000000ecc4d880) thrown at [D:\re\workspace\8-2-build-windows-amd64-cygwin\jdk8u77\6540\hotspot\src\share\vm\runtime\sharedRuntime.cpp, line 605]

Events (10 events):
Event: 22.859 Thread 0x00000000026e0800 DEOPT PACKING pc=0x0000000002ce7c87 sp=0x000000000259e870
Event: 22.859 Thread 0x00000000026e0800 DEOPT UNPACKING pc=0x000000000282787f sp=0x000000000259e628 mode 0
Event: 23.816 Thread 0x00000000026e0800 Uncommon trap: trap_request=0xffffff76 fr.pc=0x000000000313e874
Event: 23.816 Thread 0x00000000026e0800 DEOPT PACKING pc=0x000000000313e874 sp=0x000000000259e620
Event: 23.816 Thread 0x00000000026e0800 DEOPT UNPACKING pc=0x000000000282582a sp=0x000000000259e540 mode 2
Event: 24.970 Thread 0x00000000026e0800 Uncommon trap: trap_request=0xffffff65 fr.pc=0x0000000002ed433c
Event: 24.970 Thread 0x00000000026e0800 DEOPT PACKING pc=0x0000000002ed433c sp=0x000000000259e680
Event: 24.970 Thread 0x00000000026e0800 DEOPT UNPACKING pc=0x000000000282582a sp=0x000000000259e668 mode 2
Event: 25.405 Executing VM operation: ParallelGCFailedAllocation
Event: 28.340 Executing VM operation: ParallelGCFailedAllocation done


Dynamic libraries:
0x00007ff6e81d0000 - 0x00007ff6e8207000 	C:\Program Files\Java\jdk1.8.0_77\bin\java.exe
0x00007ffe52070000 - 0x00007ffe52232000 	C:\Windows\SYSTEM32\ntdll.dll
0x00007ffe4f740000 - 0x00007ffe4f7ed000 	C:\Windows\system32\KERNEL32.DLL
0x00007ffe4f560000 - 0x00007ffe4f73d000 	C:\Windows\system32\KERNELBASE.dll
0x00007ffe50200000 - 0x00007ffe502a6000 	C:\Windows\system32\ADVAPI32.dll
0x00007ffe51f70000 - 0x00007ffe5200d000 	C:\Windows\system32\msvcrt.dll
0x00007ffe52010000 - 0x00007ffe5206b000 	C:\Windows\system32\sechost.dll
0x00007ffe4fb60000 - 0x00007ffe4fc86000 	C:\Windows\system32\RPCRT4.dll
0x00007ffe4f980000 - 0x00007ffe4face000 	C:\Windows\system32\USER32.dll
0x00007ffe50320000 - 0x00007ffe504a5000 	C:\Windows\system32\GDI32.dll
0x00007ffe4ba60000 - 0x00007ffe4bcd4000 	C:\Windows\WinSxS\amd64_microsoft.windows.common-controls_6595b64144ccf1df_6.0.10240.16384_none_f41f7b285750ef43\COMCTL32.dll
0x00007ffe501c0000 - 0x00007ffe501f6000 	C:\Windows\system32\IMM32.DLL
0x00007ffe4ff10000 - 0x00007ffe5006c000 	C:\Windows\system32\MSCTF.dll
0x0000000067c70000 - 0x0000000067d42000 	C:\Program Files\Java\jdk1.8.0_77\jre\bin\msvcr100.dll
0x00000000673e0000 - 0x0000000067c70000 	C:\Program Files\Java\jdk1.8.0_77\jre\bin\server\jvm.dll
0x00007ffe507a0000 - 0x00007ffe507a8000 	C:\Windows\system32\PSAPI.DLL
0x00007ffe487c0000 - 0x00007ffe487c9000 	C:\Windows\SYSTEM32\WSOCK32.dll
0x00007ffe4fad0000 - 0x00007ffe4fb39000 	C:\Windows\system32\WS2_32.dll
0x00007ffe4fc90000 - 0x00007ffe4fc98000 	C:\Windows\system32\NSI.dll
0x00007ffe4ce00000 - 0x00007ffe4ce23000 	C:\Windows\SYSTEM32\WINMM.dll
0x00007ffe4bd90000 - 0x00007ffe4bd9a000 	C:\Windows\SYSTEM32\VERSION.dll
0x00007ffe4cda0000 - 0x00007ffe4cdcc000 	C:\Windows\SYSTEM32\WINMMBASE.dll
0x00007ffe4f510000 - 0x00007ffe4f554000 	C:\Windows\system32\cfgmgr32.dll
0x00007ffe4d410000 - 0x00007ffe4d437000 	C:\Windows\SYSTEM32\DEVOBJ.dll
0x00000000673d0000 - 0x00000000673df000 	C:\Program Files\Java\jdk1.8.0_77\jre\bin\verify.dll
0x00000000673a0000 - 0x00000000673c9000 	C:\Program Files\Java\jdk1.8.0_77\jre\bin\java.dll
0x0000000067380000 - 0x0000000067396000 	C:\Program Files\Java\jdk1.8.0_77\jre\bin\zip.dll
0x00007ffe507b0000 - 0x00007ffe51cd3000 	C:\Windows\system32\SHELL32.dll
0x00007ffe4eee0000 - 0x00007ffe4f509000 	C:\Windows\system32\windows.storage.dll
0x00007ffe50510000 - 0x00007ffe5078c000 	C:\Windows\system32\combase.dll
0x00007ffe504b0000 - 0x00007ffe50501000 	C:\Windows\system32\shlwapi.dll
0x00007ffe4eae0000 - 0x00007ffe4eaef000 	C:\Windows\system32\kernel.appcore.dll
0x00007ffe4ee20000 - 0x00007ffe4eed3000 	C:\Windows\system32\shcore.dll
0x00007ffe4eaf0000 - 0x00007ffe4eb3a000 	C:\Windows\system32\powrprof.dll
0x00007ffe4eaa0000 - 0x00007ffe4eab3000 	C:\Windows\system32\profapi.dll

VM Arguments:
jvm_args: -Djava.awt.headless=true -Xmx1024M -Dfile.encoding=windows-1251 -Duser.country=RU -Duser.language=ru -Duser.variant 
java_command: com.android.dx.command.Main --dex --force-jumbo --num-threads=4 --output C:\YandexDisk\rezerv\Android_studio_file\Android_studio_proecti\google_play\MichKino\Kinooctober\app\build\intermediates\pre-dexed\debug\com.google.android.gms-play-services-ads-8.4.0_bd9d35f23ef87451b6763a6b75c2be9142e9cfa4.jar C:\YandexDisk\rezerv\Android_studio_file\Android_studio_proecti\google_play\MichKino\Kinooctober\app\build\intermediates\exploded-aar\com.google.android.gms\play-services-ads\8.4.0\jars\classes.jar
java_class_path (initial): C:\Users\Admin\Desktop\kod\sdk\build-tools\23.0.3\lib\dx.jar
Launcher Type: SUN_STANDARD

Environment Variables:
JAVA_HOME=C:\Program Files\Java\jdk1.7.0_79
PATH=C:\ProgramData\Oracle\Java\javapath;C:\Windows\system32;C:\Windows;C:\Windows\System32\Wbem;C:\Windows\System32\WindowsPowerShell\v1.0\;C:\Program Files (x86)\Skype\Phone\;C:\Program Files (x86)\NVIDIA Corporation\PhysX\Common
USERNAME=Admin
OS=Windows_NT
PROCESSOR_IDENTIFIER=Intel64 Family 6 Model 61 Stepping 4, GenuineIntel



---------------  S Y S T E M  ---------------

OS: Windows 10.0 , 64 bit Build 10240 (10.0.10240.16384)

CPU:total 4 (2 cores per cpu, 2 threads per core) family 6 model 61 stepping 4, cmov, cx8, fxsr, mmx, sse, sse2, sse3, ssse3, sse4.1, sse4.2, popcnt, avx, avx2, aes, clmul, erms, 3dnowpref, lzcnt, ht, tsc, tscinvbit, bmi1, bmi2, adx

Memory: 4k page, physical 8297972k(1962336k free), swap 8297972k(4160k free)

vm_info: Java HotSpot(TM) 64-Bit Server VM (25.77-b03) for windows-amd64 JRE (1.8.0_77-b03), built on Mar 20 2016 22:01:33 by "java_re" with MS VC++ 10.0 (VS2010)

time: Sat Jul 30 14:42:13 2016
elapsed time: 28 seconds (0d 0h 0m 28s)

